#
# A fatal error has been detected by the Java Runtime Environment:
#
#  SIGSEGV (0xb) at pc=0x00000001028e421b, pid=1182, tid=41219
#
# JRE version: OpenJDK Runtime Environment Zulu15.40+19-CA (15.0.7+4) (build 15.0.7+4-MTS)
# Java VM: OpenJDK 64-Bit Server VM Zulu15.40+19-CA (15.0.7+4-MTS, mixed mode, sharing, tiered, compressed oops, g1 gc, bsd-amd64)
# Problematic frame:
# V  [libjvm.dylib+0x6e421b]  PhaseLive::add_liveout(Block*, IndexSet*, VectorSet&)+0x1bb
#
# No core dump will be written. Core dumps have been disabled. To enable core dumping, try "ulimit -c unlimited" before starting Java again
#
# If you would like to submit a bug report, please visit:
#   http://www.azul.com/support/
#

---------------  S U M M A R Y ------------

Command Line: --add-opens=java.base/java.util=ALL-UNNAMED --add-opens=java.base/java.lang=ALL-UNNAMED --add-opens=java.base/java.lang.invoke=ALL-UNNAMED --add-opens=java.prefs/java.util.prefs=ALL-UNNAMED -Dfile.encoding=UTF-8 -Duser.country=KR -Duser.language=ko -Duser.variant org.gradle.launcher.daemon.bootstrap.GradleDaemon 6.8.1

Host: MacBookPro16,1 x86_64 2600 MHz, 12 cores, 16G, Darwin 19.6.0
Time: Tue May 10 01:04:13 2022 KST elapsed time: 1.952605 seconds (0d 0h 0m 1s)

---------------  T H R E A D  ---------------

Current thread (0x00007fd6998db800):  JavaThread "C2 CompilerThread0" daemon [_thread_in_native, id=41219, stack(0x000070000d4e1000,0x000070000d5e1000)]


Current CompileTask:
C2:   1952 2182       4       jdk.internal.org.objectweb.asm.Frame::execute (2305 bytes)

Stack: [0x000070000d4e1000,0x000070000d5e1000],  sp=0x000070000d5dd900,  free space=1010k
Native frames: (J=compiled Java code, A=aot compiled Java code, j=interpreted, Vv=VM code, C=native code)
V  [libjvm.dylib+0x6e421b]  PhaseLive::add_liveout(Block*, IndexSet*, VectorSet&)+0x1bb
V  [libjvm.dylib+0x6e3b4c]  PhaseLive::compute(unsigned int)+0x7bc
V  [libjvm.dylib+0x2519e0]  PhaseChaitin::Register_Allocate()+0x920
V  [libjvm.dylib+0x2cd81d]  Compile::Code_Gen()+0x4dd
V  [libjvm.dylib+0x2c9d48]  Compile::Compile(ciEnv*, ciMethod*, int, bool, bool, bool, DirectiveSet*)+0xf08
V  [libjvm.dylib+0x234667]  C2Compiler::compile_method(ciEnv*, ciMethod*, int, DirectiveSet*)+0xb7
V  [libjvm.dylib+0x2ddc9e]  CompileBroker::invoke_compiler_on_method(CompileTask*)+0x83e
V  [libjvm.dylib+0x2dd332]  CompileBroker::compiler_thread_loop()+0x4c2
V  [libjvm.dylib+0xa27082]  JavaThread::thread_main_inner()+0xb2
V  [libjvm.dylib+0xa241a1]  Thread::call_run()+0x71
V  [libjvm.dylib+0x846c17]  thread_native_entry(Thread*)+0x187
C  [libsystem_pthread.dylib+0x6109]  _pthread_start+0x94
C  [libsystem_pthread.dylib+0x1b8b]  thread_start+0xf


siginfo: si_signo: 11 (SIGSEGV), si_code: 1 (SEGV_MAPERR), si_addr: 0x0000000000000018

Register to memory mapping:

RAX=0x0 is NULL
RBX=0x0000000000400000 is an unknown value
RCX=0x0 is NULL
RDX=0x0000000000400000 is an unknown value
RSP=0x000070000d5dd900 is pointing into the stack for thread: 0x00007fd6998db800
RBP=0x000070000d5dd9a0 is pointing into the stack for thread: 0x00007fd6998db800
RSI=0x0000000000000dd6 is an unknown value
RDI=0x0000000102ea0e20: _ZN6Thread12_thr_currentE+0 in /Users/yonghun/Library/Java/JavaVirtualMachines/azul-15.0.7/Contents/Home/lib/server/libjvm.dylib at 0x0000000102200000
R8 =0x0000000000000dd6 is an unknown value
R9 =0x0000000102ed0300: _ZN8IndexSet12_empty_blockE+0 in /Users/yonghun/Library/Java/JavaVirtualMachines/azul-15.0.7/Contents/Home/lib/server/libjvm.dylib at 0x0000000102200000
R10=0x000070000d5dd920 is pointing into the stack for thread: 0x00007fd6998db800
R11=0x0 is NULL
R12=0x000000000000000d is an unknown value
R13=0x0000000000000006 is an unknown value
R14=0x0000000000000dd6 is an unknown value
R15=0x00007fd6a077f198 points into unknown readable memory: 0x00007fd69f3b2708 | 08 27 3b 9f d6 7f 00 00


Registers:
RAX=0x0000000000000000, RBX=0x0000000000400000, RCX=0x0000000000000000, RDX=0x0000000000400000
RSP=0x000070000d5dd900, RBP=0x000070000d5dd9a0, RSI=0x0000000000000dd6, RDI=0x0000000102ea0e20
R8 =0x0000000000000dd6, R9 =0x0000000102ed0300, R10=0x000070000d5dd920, R11=0x0000000000000000
R12=0x000000000000000d, R13=0x0000000000000006, R14=0x0000000000000dd6, R15=0x00007fd6a077f198
RIP=0x00000001028e421b, EFLAGS=0x0000000000010206, ERR=0x0000000000000004
  TRAPNO=0x000000000000000e

Top of Stack: (sp=0x000070000d5dd900)
0x000070000d5dd900:   0000000000000000 00007fd6a006a198
0x000070000d5dd910:   00007fd699e8b090 0000000000000000
0x000070000d5dd920:   00000dd600000062 0000000e00000007
0x000070000d5dd930:   000000010000000e 00007fd69f6201a0
0x000070000d5dd940:   00007fd69910b4b8 00007fd69f94ad20
0x000070000d5dd950:   0000000000000000 00007fd6a077f190
0x000070000d5dd960:   000070000d5dd9c8 000070000d5dda98
0x000070000d5dd970:   00007fd696e070f8 0000000000000001
0x000070000d5dd980:   00007fd699e8b090 000070000d5dda98
0x000070000d5dd990:   00007fd69f9003d8 fffffffffffffff8
0x000070000d5dd9a0:   000070000d5dda80 00000001028e3b4c
0x000070000d5dd9b0:   00007fd698146c00 00007fd69814b190
0x000070000d5dd9c0:   000070000d5dd9f0 0000000100000040
0x000070000d5dd9d0:   00007fd6974d6030 00007fd600000040
0x000070000d5dd9e0:   00007fd698c31f90 00007fd69f9003d8
0x000070000d5dd9f0:   0000000000000235 0000000000000236
0x000070000d5dda00:   00007fd698c31f90 00007fd69814ebe8
0x000070000d5dda10:   00000000002d2e08 00007fd6a0032010
0x000070000d5dda20:   0000000000038220 000070000d5dda98
0x000070000d5dda30:   00007fd6a006a238 00007fd6a006a230
0x000070000d5dda40:   00007fd69f94ad20 0000000000000000
0x000070000d5dda50:   0000000000000001 000070000d5dda98
0x000070000d5dda60:   000070000d5ddca8 000070000d5df3d0
0x000070000d5dda70:   000070000d5ddb00 00007fd69d9a7a70
0x000070000d5dda80:   000070000d5ddd10 00000001024519e0
0x000070000d5dda90:   0000000000000000 000000000000000a
0x000070000d5ddaa0:   000070000d5e0268 00007fd6a0747010
0x000070000d5ddab0:   0000000000000000 00007fd6a0032010
0x000070000d5ddac0:   00007fd69f946c10 00007fd69f94b768
0x000070000d5ddad0:   00007fd69721f708 000070000d5df550
0x000070000d5ddae0:   000070000d5df4d8 0000000000001ad8
0x000070000d5ddaf0:   000070000d5ddca8 0000000000000000 

Instructions: (pc=0x00000001028e421b)
0x00000001028e411b:   8b 47 04 89 45 90 48 c7 45 98 00 00 00 00 49 8b
0x00000001028e412b:   47 08 48 89 45 a0 4c 89 7d a8 49 c1 e5 05 4b 8d
0x00000001028e413b:   44 ad 00 4d 8d 7c 06 08 49 8d 44 04 08 48 89 85
0x00000001028e414b:   68 ff ff ff 31 c0 85 c0 75 12 eb 39 66 0f 1f 84
0x00000001028e415b:   00 00 00 00 00 8b 45 80 85 c0 74 29 89 c1 48 0f
0x00000001028e416b:   bc c9 d3 e8 ff c8 89 45 80 44 8b 75 84 41 01 ce
0x00000001028e417b:   44 89 75 84 45 85 f6 75 33 e9 dc 00 00 00 0f 1f
0x00000001028e418b:   80 00 00 00 00 83 7d 88 08 72 0c 8b 45 8c 3b 45
0x00000001028e419b:   90 0f 83 c3 00 00 00 48 8d 7d 80 e8 e5 5d db ff
0x00000001028e41ab:   41 89 c6 45 85 f6 0f 84 ae 00 00 00 49 8b 07 45
0x00000001028e41bb:   89 f4 41 c1 ec 08 4a 8b 04 e0 48 3b 05 9c 8f 4d
0x00000001028e41cb:   00 75 0c 48 8b 7d b8 44 89 f6 e8 36 50 db ff 45
0x00000001028e41db:   89 f5 41 c1 ed 05 41 83 e5 07 bb 01 00 00 00 44
0x00000001028e41eb:   89 f1 d3 e3 42 8b 0c a8 89 ca 44 0f ab f2 42 89
0x00000001028e41fb:   14 a8 44 0f a3 f1 0f 82 59 ff ff ff 48 8b 45 b8
0x00000001028e420b:   ff 00 48 8b 85 68 ff ff ff 48 8b 00 4a 8b 04 e0
0x00000001028e421b:   42 85 1c a8 0f 85 3b ff ff ff 48 8b 45 d0 48 8b
0x00000001028e422b:   40 08 4a 8b 04 e0 48 3b 05 30 8f 4d 00 75 0c 48
0x00000001028e423b:   8b 7d d0 44 89 f6 e8 ca 4f db ff 42 8b 0c a8 89
0x00000001028e424b:   ca 09 da 42 89 14 a8 85 d9 0f 85 06 ff ff ff 48
0x00000001028e425b:   8b 45 d0 ff 00 e9 fb fe ff ff 48 8b 55 d0 83 3a
0x00000001028e426b:   00 74 71 48 8b 9d 70 ff ff ff 8b 43 4c ff c8 48
0x00000001028e427b:   8b 75 c8 48 8b 4e 28 48 89 14 c1 48 83 bd 78 ff
0x00000001028e428b:   ff ff 00 75 62 8b 43 4c 48 89 c1 48 c1 e9 05 48
0x00000001028e429b:   8b 55 c0 3b 0a 73 50 48 8b 55 c0 48 8b 52 08 8b
0x00000001028e42ab:   0c 8a 0f a3 c1 73 40 4c 8b 7e 38 41 8b 07 45 8b
0x00000001028e42bb:   77 18 41 8d 4e 01 41 89 4f 18 44 39 f0 77 0b 4c
0x00000001028e42cb:   89 ff 44 89 f6 e8 eb 48 a9 ff 49 8b 47 10 4a 89
0x00000001028e42db:   1c f0 eb 13 48 8b 4d c8 48 8b 41 30 48 89 82 98
0x00000001028e42eb:   00 00 00 48 89 51 30 48 83 c4 78 5b 41 5c 41 5d
0x00000001028e42fb:   41 5e 41 5f 5d c3 66 2e 0f 1f 84 00 00 00 00 00
0x00000001028e430b:   0f 1f 44 00 00 55 48 89 e5 41 57 41 56 41 55 41 


Stack slot to memory mapping:
stack at sp + 0 slots: 0x0 is NULL
stack at sp + 1 slots: 0x00007fd6a006a198 points into unknown readable memory: 0x00007fd69f9d4070 | 70 40 9d 9f d6 7f 00 00
stack at sp + 2 slots: 0x00007fd699e8b090 points into unknown readable memory: 0x0000000102e201b0 | b0 01 e2 02 01 00 00 00
stack at sp + 3 slots: 0x0 is NULL
stack at sp + 4 slots: 0x00000dd600000062 is an unknown value
stack at sp + 5 slots: 0x0000000e00000007 is an unknown value
stack at sp + 6 slots: 0x000000010000000e is an unknown value
stack at sp + 7 slots: 0x00007fd69f6201a0 points into unknown readable memory: 0x0000000000000000 | 00 00 00 00 00 00 00 00


---------------  P R O C E S S  ---------------

Threads class SMR info:
_java_thread_list=0x00007fd6964c7fb0, length=31, elements={
0x00007fd697808800, 0x00007fd6998dac00, 0x00007fd6998dd400, 0x00007fd69b808200,
0x00007fd69b80aa00, 0x00007fd6998db800, 0x00007fd696808c00, 0x00007fd69c00a400,
0x00007fd69701b800, 0x00007fd698008800, 0x00007fd697808e00, 0x00007fd6978a8e00,
0x00007fd69702e000, 0x00007fd697acfc00, 0x00007fd697ad2000, 0x00007fd6992bae00,
0x00007fd696809200, 0x00007fd699d2d000, 0x00007fd69f0efc00, 0x00007fd69789de00,
0x00007fd699b3c200, 0x00007fd697897a00, 0x00007fd699b42600, 0x00007fd699b3ee00,
0x00007fd697d81800, 0x00007fd698737600, 0x00007fd698768a00, 0x00007fd6974ce200,
0x00007fd697ffee00, 0x00007fd696fffa00, 0x00007fd696cd3200
}

Java Threads: ( => current thread )
  0x00007fd697808800 JavaThread "main" [_thread_blocked, id=6147, stack(0x000070000c8ba000,0x000070000c9ba000)]
  0x00007fd6998dac00 JavaThread "Reference Handler" daemon [_thread_blocked, id=16387, stack(0x000070000cfcf000,0x000070000d0cf000)]
  0x00007fd6998dd400 JavaThread "Finalizer" daemon [_thread_blocked, id=16899, stack(0x000070000d0d2000,0x000070000d1d2000)]
  0x00007fd69b808200 JavaThread "Signal Dispatcher" daemon [_thread_blocked, id=22531, stack(0x000070000d2db000,0x000070000d3db000)]
  0x00007fd69b80aa00 JavaThread "Service Thread" daemon [_thread_blocked, id=23299, stack(0x000070000d3de000,0x000070000d4de000)]
=>0x00007fd6998db800 JavaThread "C2 CompilerThread0" daemon [_thread_in_native, id=41219, stack(0x000070000d4e1000,0x000070000d5e1000)]
  0x00007fd696808c00 JavaThread "C1 CompilerThread0" daemon [_thread_blocked, id=23811, stack(0x000070000d5e4000,0x000070000d6e4000)]
  0x00007fd69c00a400 JavaThread "Sweeper thread" daemon [_thread_blocked, id=24835, stack(0x000070000d6e7000,0x000070000d7e7000)]
  0x00007fd69701b800 JavaThread "Common-Cleaner" daemon [_thread_blocked, id=39939, stack(0x000070000d7ea000,0x000070000d8ea000)]
  0x00007fd698008800 JavaThread "Notification Thread" daemon [_thread_blocked, id=39171, stack(0x000070000d8ed000,0x000070000d9ed000)]
  0x00007fd697808e00 JavaThread "C2 CompilerThread1" daemon [_thread_in_native, id=37891, stack(0x000070000daf3000,0x000070000dbf3000)]
  0x00007fd6978a8e00 JavaThread "C2 CompilerThread2" daemon [_thread_in_native, id=37379, stack(0x000070000dbf6000,0x000070000dcf6000)]
  0x00007fd69702e000 JavaThread "Daemon health stats" [_thread_blocked, id=35843, stack(0x000070000e208000,0x000070000e308000)]
  0x00007fd697acfc00 JavaThread "Incoming local TCP Connector on port 50997" [_thread_in_native, id=28931, stack(0x000070000e30b000,0x000070000e40b000)]
  0x00007fd697ad2000 JavaThread "Daemon periodic checks" [_thread_blocked, id=35075, stack(0x000070000e40e000,0x000070000e50e000)]
  0x00007fd6992bae00 JavaThread "Daemon" [_thread_blocked, id=34307, stack(0x000070000e511000,0x000070000e611000)]
  0x00007fd696809200 JavaThread "Handler for socket connection from /127.0.0.1:50997 to /127.0.0.1:50998" [_thread_in_native, id=29955, stack(0x000070000e614000,0x000070000e714000)]
  0x00007fd699d2d000 JavaThread "Cancel handler" [_thread_blocked, id=32771, stack(0x000070000e717000,0x000070000e817000)]
  0x00007fd69f0efc00 JavaThread "Daemon worker" [_thread_in_Java, id=31747, stack(0x000070000e81a000,0x000070000e91a000)]
  0x00007fd69789de00 JavaThread "Asynchronous log dispatcher for DefaultDaemonConnection: socket connection from /127.0.0.1:50997 to /127.0.0.1:50998" [_thread_blocked, id=30723, stack(0x000070000e91d000,0x000070000ea1d000)]
  0x00007fd699b3c200 JavaThread "Stdin handler" [_thread_blocked, id=44035, stack(0x000070000ea20000,0x000070000eb20000)]
  0x00007fd697897a00 JavaThread "Daemon client event forwarder" [_thread_blocked, id=86531, stack(0x000070000eb23000,0x000070000ec23000)]
  0x00007fd699b42600 JavaThread "Cache worker for file hash cache (/Users/yonghun/.gradle/caches/6.8.1/fileHashes)" [_thread_blocked, id=44803, stack(0x000070000ec26000,0x000070000ed26000)]
  0x00007fd699b3ee00 JavaThread "File lock request listener" [_thread_in_native, id=85251, stack(0x000070000ed29000,0x000070000ee29000)]
  0x00007fd697d81800 JavaThread "Cache worker for journal cache (/Users/yonghun/.gradle/caches/journal-1)" [_thread_blocked, id=45571, stack(0x000070000ee2c000,0x000070000ef2c000)]
  0x00007fd698737600 JavaThread "Cache worker for file hash cache (/Users/yonghun/study/java-lotto/.gradle/6.8.1/fileHashes)" [_thread_blocked, id=46595, stack(0x000070000ef2f000,0x000070000f02f000)]
  0x00007fd698768a00 JavaThread "Cache worker for checksums cache (/Users/yonghun/study/java-lotto/.gradle/checksums)" [_thread_blocked, id=83971, stack(0x000070000f032000,0x000070000f132000)]
  0x00007fd6974ce200 JavaThread "Cache worker for cache directory md-supplier (/Users/yonghun/.gradle/caches/6.8.1/md-supplier)" [_thread_blocked, id=47619, stack(0x000070000f135000,0x000070000f235000)]
  0x00007fd697ffee00 JavaThread "Cache worker for cache directory md-rule (/Users/yonghun/.gradle/caches/6.8.1/md-rule)" [_thread_blocked, id=48131, stack(0x000070000f238000,0x000070000f338000)]
  0x00007fd696fffa00 JavaThread "Cache worker for execution history cache (/Users/yonghun/.gradle/caches/6.8.1/executionHistory)" [_thread_blocked, id=82179, stack(0x000070000f33b000,0x000070000f43b000)]
  0x00007fd696cd3200 JavaThread "jar transforms" [_thread_blocked, id=79875, stack(0x000070000fa50000,0x000070000fb50000)]

Other Threads:
  0x00007fd698908930 VMThread "VM Thread" [stack: 0x000070000cecc000,0x000070000cfcc000] [id=15363]
  0x00007fd69672ab70 WatcherThread [stack: 0x000070000d9f0000,0x000070000daf0000] [id=38659]
  0x00007fd698c0e6c0 GCTaskThread "GC Thread#0" [stack: 0x000070000c9bd000,0x000070000cabd000] [id=12803]
  0x00007fd696780cf0 GCTaskThread "GC Thread#1" [stack: 0x000070000dcf9000,0x000070000ddf9000] [id=26627]
  0x00007fd696781720 GCTaskThread "GC Thread#2" [stack: 0x000070000ddfc000,0x000070000defc000] [id=37123]
  0x00007fd696668130 GCTaskThread "GC Thread#3" [stack: 0x000070000deff000,0x000070000dfff000] [id=27395]
  0x00007fd696668d80 GCTaskThread "GC Thread#4" [stack: 0x000070000e002000,0x000070000e102000] [id=36611]
  0x00007fd6966699d0 GCTaskThread "GC Thread#5" [stack: 0x000070000e105000,0x000070000e205000] [id=36099]
  0x00007fd69dcb5ab0 GCTaskThread "GC Thread#6" [stack: 0x000070000f43e000,0x000070000f53e000] [id=48643]
  0x00007fd69dcb6670 GCTaskThread "GC Thread#7" [stack: 0x000070000f541000,0x000070000f641000] [id=81667]
  0x00007fd69dcb72a0 GCTaskThread "GC Thread#8" [stack: 0x000070000f644000,0x000070000f744000] [id=81155]
  0x00007fd69dcb7ed0 GCTaskThread "GC Thread#9" [stack: 0x000070000f747000,0x000070000f847000] [id=49155]
  0x00007fd698c0f8a0 ConcurrentGCThread "G1 Main Marker" [stack: 0x000070000cac0000,0x000070000cbc0000] [id=19971]
  0x00007fd698c109b0 ConcurrentGCThread "G1 Conc#0" [stack: 0x000070000cbc3000,0x000070000ccc3000] [id=14083]
  0x00007fd69dcb8b00 ConcurrentGCThread "G1 Conc#1" [stack: 0x000070000f84a000,0x000070000f94a000] [id=80899]
  0x00007fd69b10d390 ConcurrentGCThread "G1 Conc#2" [stack: 0x000070000f94d000,0x000070000fa4d000] [id=49667]
  0x00007fd698c2dee0 ConcurrentGCThread "G1 Refine#0" [stack: 0x000070000ccc6000,0x000070000cdc6000] [id=14595]
  0x00007fd696613ab0 ConcurrentGCThread "G1 Young RemSet Sampling" [stack: 0x000070000cdc9000,0x000070000cec9000] [id=14851]

Threads with active compile tasks:
C2 CompilerThread0     1962 2182       4       jdk.internal.org.objectweb.asm.Frame::execute (2305 bytes)
C2 CompilerThread1     1962 2437 %     4       jdk.internal.loader.URLClassPath::getResource @ 39 (74 bytes)
C2 CompilerThread2     1962 2429  s!   4       jdk.internal.loader.URLClassPath::getLoader (194 bytes)

VM state: not at safepoint (normal execution)

VM Mutex/Monitor currently owned by a thread: None

Heap address: 0x0000000700000000, size: 4096 MB, Compressed Oops mode: Zero based, Oop shift amount: 3
CDS archive(s) mapped at: [0x0000000800000000-0x0000000800b30000-0x0000000800b30000), size 11730944, SharedBaseAddress: 0x0000000800000000, ArchiveRelocationMode: 0.
Compressed class space mapped at: 0x0000000800b30000-0x0000000840b30000, size: 1073741824
Narrow klass base: 0x0000000800000000, Narrow klass shift: 3, Narrow klass range: 0x100000000

GC Precious Log:
 CPUs: 12 total, 12 available
 Memory: 16384M
 Large Page Support: Disabled
 NUMA Support: Disabled
 Compressed Oops: Enabled (Zero based)
 Heap Region Size: 2M
 Heap Min Capacity: 8M
 Heap Initial Capacity: 256M
 Heap Max Capacity: 4G
 Pre-touch: Disabled
 Parallel Workers: 10
 Concurrent Workers: 3
 Concurrent Refinement Workers: 10
 Periodic GC: Disabled

Heap:
 garbage-first heap   total 90112K, used 35166K [0x0000000700000000, 0x0000000800000000)
  region size 2048K, 13 young (26624K), 5 survivors (10240K)
 Metaspace       used 23528K, capacity 24089K, committed 24624K, reserved 1071104K
  class space    used 3437K, capacity 3594K, committed 3712K, reserved 1048576K

Heap Regions: E=young(eden), S=young(survivor), O=old, HS=humongous(starts), HC=humongous(continues), CS=collection set, F=free, OA=open archive, CA=closed archive, TAMS=top-at-mark-start (previous, next)
|   0|0x0000000700000000, 0x0000000700200000, 0x0000000700200000|100%| O|  |TAMS 0x0000000700200000, 0x0000000700000000| Untracked 
|   1|0x0000000700200000, 0x00000007003bb800, 0x0000000700400000| 86%| O|  |TAMS 0x00000007003bb800, 0x0000000700200000| Untracked 
|   2|0x0000000700400000, 0x0000000700600000, 0x0000000700600000|100%|HS|  |TAMS 0x0000000700600000, 0x0000000700400000| Complete 
|   3|0x0000000700600000, 0x0000000700800000, 0x0000000700800000|100%|HC|  |TAMS 0x0000000700800000, 0x0000000700600000| Complete 
|   4|0x0000000700800000, 0x0000000700a00000, 0x0000000700a00000|100%| O|  |TAMS 0x0000000700a00000, 0x0000000700800000| Untracked 
|   5|0x0000000700a00000, 0x0000000700a00000, 0x0000000700c00000|  0%| F|  |TAMS 0x0000000700a00000, 0x0000000700a00000| Untracked 
|   6|0x0000000700c00000, 0x0000000700c00000, 0x0000000700e00000|  0%| F|  |TAMS 0x0000000700c00000, 0x0000000700c00000| Untracked 
|   7|0x0000000700e00000, 0x0000000700e00000, 0x0000000701000000|  0%| F|  |TAMS 0x0000000700e00000, 0x0000000700e00000| Untracked 
|   8|0x0000000701000000, 0x0000000701000000, 0x0000000701200000|  0%| F|  |TAMS 0x0000000701000000, 0x0000000701000000| Untracked 
|   9|0x0000000701200000, 0x0000000701200000, 0x0000000701400000|  0%| F|  |TAMS 0x0000000701200000, 0x0000000701200000| Untracked 
|  10|0x0000000701400000, 0x0000000701400000, 0x0000000701600000|  0%| F|  |TAMS 0x0000000701400000, 0x0000000701400000| Untracked 
|  11|0x0000000701600000, 0x0000000701600000, 0x0000000701800000|  0%| F|  |TAMS 0x0000000701600000, 0x0000000701600000| Untracked 
|  12|0x0000000701800000, 0x0000000701800000, 0x0000000701a00000|  0%| F|  |TAMS 0x0000000701800000, 0x0000000701800000| Untracked 
|  13|0x0000000701a00000, 0x0000000701a00000, 0x0000000701c00000|  0%| F|  |TAMS 0x0000000701a00000, 0x0000000701a00000| Untracked 
|  14|0x0000000701c00000, 0x0000000701c00000, 0x0000000701e00000|  0%| F|  |TAMS 0x0000000701c00000, 0x0000000701c00000| Untracked 
|  15|0x0000000701e00000, 0x0000000701e00000, 0x0000000702000000|  0%| F|  |TAMS 0x0000000701e00000, 0x0000000701e00000| Untracked 
|  16|0x0000000702000000, 0x0000000702000000, 0x0000000702200000|  0%| F|  |TAMS 0x0000000702000000, 0x0000000702000000| Untracked 
|  17|0x0000000702200000, 0x0000000702200000, 0x0000000702400000|  0%| F|  |TAMS 0x0000000702200000, 0x0000000702200000| Untracked 
|  18|0x0000000702400000, 0x0000000702400000, 0x0000000702600000|  0%| F|  |TAMS 0x0000000702400000, 0x0000000702400000| Untracked 
|  19|0x0000000702600000, 0x0000000702600000, 0x0000000702800000|  0%| F|  |TAMS 0x0000000702600000, 0x0000000702600000| Untracked 
|  20|0x0000000702800000, 0x0000000702800000, 0x0000000702a00000|  0%| F|  |TAMS 0x0000000702800000, 0x0000000702800000| Untracked 
|  21|0x0000000702a00000, 0x0000000702a00000, 0x0000000702c00000|  0%| F|  |TAMS 0x0000000702a00000, 0x0000000702a00000| Untracked 
|  22|0x0000000702c00000, 0x0000000702c00000, 0x0000000702e00000|  0%| F|  |TAMS 0x0000000702c00000, 0x0000000702c00000| Untracked 
|  23|0x0000000702e00000, 0x0000000702e00000, 0x0000000703000000|  0%| F|  |TAMS 0x0000000702e00000, 0x0000000702e00000| Untracked 
|  24|0x0000000703000000, 0x0000000703000000, 0x0000000703200000|  0%| F|  |TAMS 0x0000000703000000, 0x0000000703000000| Untracked 
|  25|0x0000000703200000, 0x0000000703200000, 0x0000000703400000|  0%| F|  |TAMS 0x0000000703200000, 0x0000000703200000| Untracked 
|  26|0x0000000703400000, 0x0000000703400000, 0x0000000703600000|  0%| F|  |TAMS 0x0000000703400000, 0x0000000703400000| Untracked 
|  27|0x0000000703600000, 0x0000000703600000, 0x0000000703800000|  0%| F|  |TAMS 0x0000000703600000, 0x0000000703600000| Untracked 
|  28|0x0000000703800000, 0x0000000703800000, 0x0000000703a00000|  0%| F|  |TAMS 0x0000000703800000, 0x0000000703800000| Untracked 
|  29|0x0000000703a00000, 0x0000000703c00000, 0x0000000703c00000|100%| E|  |TAMS 0x0000000703a00000, 0x0000000703a00000| Complete 
|  30|0x0000000703c00000, 0x0000000703e00000, 0x0000000703e00000|100%| E|CS|TAMS 0x0000000703c00000, 0x0000000703c00000| Complete 
|  31|0x0000000703e00000, 0x0000000704000000, 0x0000000704000000|100%| E|CS|TAMS 0x0000000703e00000, 0x0000000703e00000| Complete 
|  32|0x0000000704000000, 0x0000000704200000, 0x0000000704200000|100%| E|CS|TAMS 0x0000000704000000, 0x0000000704000000| Complete 
|  33|0x0000000704200000, 0x0000000704400000, 0x0000000704400000|100%| E|CS|TAMS 0x0000000704200000, 0x0000000704200000| Complete 
|  34|0x0000000704400000, 0x0000000704600000, 0x0000000704600000|100%| E|CS|TAMS 0x0000000704400000, 0x0000000704400000| Complete 
|  35|0x0000000704600000, 0x0000000704800000, 0x0000000704800000|100%| E|CS|TAMS 0x0000000704600000, 0x0000000704600000| Complete 
|  78|0x0000000709c00000, 0x0000000709cd21b8, 0x0000000709e00000| 41%| S|CS|TAMS 0x0000000709c00000, 0x0000000709c00000| Complete 
|  79|0x0000000709e00000, 0x000000070a000000, 0x000000070a000000|100%| S|CS|TAMS 0x0000000709e00000, 0x0000000709e00000| Complete 
|  80|0x000000070a000000, 0x000000070a200000, 0x000000070a200000|100%| S|CS|TAMS 0x000000070a000000, 0x000000070a000000| Complete 
|  81|0x000000070a200000, 0x000000070a400000, 0x000000070a400000|100%| S|CS|TAMS 0x000000070a200000, 0x000000070a200000| Complete 
|  82|0x000000070a400000, 0x000000070a600000, 0x000000070a600000|100%| S|CS|TAMS 0x000000070a400000, 0x000000070a400000| Complete 
| 127|0x000000070fe00000, 0x0000000710000000, 0x0000000710000000|100%| E|CS|TAMS 0x000000070fe00000, 0x000000070fe00000| Complete 
|1534|0x00000007bfc00000, 0x00000007bfd51000, 0x00000007bfe00000| 65%|OA|  |TAMS 0x00000007bfd51000, 0x00000007bfc00000| Untracked 
|1535|0x00000007bfe00000, 0x00000007bfe79000, 0x00000007c0000000| 23%|CA|  |TAMS 0x00000007bfe79000, 0x00000007bfe00000| Untracked 

Card table byte_map: [0x0000000103ba4000,0x00000001043a4000] _byte_map_base: 0x00000001003a4000

Marking Bits (Prev, Next): (CMBitMap*) 0x00007fd699822450, (CMBitMap*) 0x00007fd699822410
 Prev Bits: [0x00000001206cf000, 0x00000001246cf000)
 Next Bits: [0x0000000104ba4000, 0x0000000108ba4000)

Polling page: 0x0000000100868000

Metaspace:

Usage:
  Non-class:     20.01 MB capacity,    19.63 MB ( 98%) used,   360.12 KB (  2%) free+waste,    32.75 KB ( <1%) overhead. 
      Class:      3.51 MB capacity,     3.36 MB ( 96%) used,   137.29 KB (  4%) free+waste,    15.19 KB ( <1%) overhead. 
       Both:     23.52 MB capacity,    22.99 MB ( 98%) used,   497.41 KB (  2%) free+waste,    47.94 KB ( <1%) overhead. 

Virtual space:
  Non-class space:       22.00 MB reserved,      20.42 MB ( 93%) committed 
      Class space:        1.00 GB reserved,       3.62 MB ( <1%) committed 
             Both:        1.02 GB reserved,      24.05 MB (  2%) committed 

Chunk freelists:
   Non-Class:  241.00 KB
       Class:  22.00 KB
        Both:  263.00 KB

MaxMetaspaceSize: 17179869184.00 GB
CompressedClassSpaceSize: 1.00 GB

CodeHeap 'non-profiled nmethods': size=120028Kb used=1287Kb max_used=1287Kb free=118740Kb
 bounds [0x0000000119198000, 0x0000000119408000, 0x00000001206cf000]
CodeHeap 'profiled nmethods': size=120028Kb used=4859Kb max_used=4859Kb free=115168Kb
 bounds [0x0000000111c61000, 0x0000000112121000, 0x0000000119198000]
CodeHeap 'non-nmethods': size=5704Kb used=1235Kb max_used=1325Kb free=4468Kb
 bounds [0x00000001116cf000, 0x000000011193f000, 0x0000000111c61000]
 total_blobs=2987 nmethods=2479 adapters=421
 compilation: enabled
              stopped_count=0, restarted_count=0
 full_count=0

Compilation events (20 events):
Event: 1.944 Thread 0x00007fd696808c00 2476       3       org.codehaus.groovy.util.ManagedReference::<init> (40 bytes)
Event: 1.945 Thread 0x00007fd696808c00 nmethod 2476 0x000000011211ac90 code [0x000000011211ae60, 0x000000011211b310]
Event: 1.945 Thread 0x00007fd696808c00 2477   !   3       org.codehaus.groovy.util.LazyReference::getLocked (85 bytes)
Event: 1.946 Thread 0x00007fd696808c00 nmethod 2477 0x000000011211b490 code [0x000000011211b740, 0x000000011211c5a0]
Event: 1.946 Thread 0x00007fd696808c00 2479       3       java.lang.ClassValue$Entry::value (9 bytes)
Event: 1.946 Thread 0x00007fd696808c00 nmethod 2479 0x000000011211ca90 code [0x000000011211cc20, 0x000000011211cd90]
Event: 1.946 Thread 0x00007fd696808c00 2480       3       java.lang.ClassValue$Entry::assertNotPromise (22 bytes)
Event: 1.946 Thread 0x00007fd696808c00 nmethod 2480 0x000000011211ce90 code [0x000000011211d020, 0x000000011211d130]
Event: 1.946 Thread 0x00007fd696808c00 2478       1       java.util.Spliterators$ArraySpliterator::characteristics (5 bytes)
Event: 1.946 Thread 0x00007fd696808c00 nmethod 2478 0x00000001192d9890 code [0x00000001192d9a20, 0x00000001192d9ad0]
Event: 1.947 Thread 0x00007fd696808c00 2481       3       java.util.concurrent.atomic.AtomicInteger::<init> (5 bytes)
Event: 1.947 Thread 0x00007fd696808c00 nmethod 2481 0x000000011211d190 code [0x000000011211d320, 0x000000011211d4d0]
Event: 1.950 Thread 0x00007fd696808c00 2483       3       java.util.WeakHashMap::get (77 bytes)
Event: 1.950 Thread 0x00007fd696808c00 nmethod 2483 0x000000011211d590 code [0x000000011211d7a0, 0x000000011211dec0]
Event: 1.950 Thread 0x00007fd696808c00 2484       3       java.lang.Class::getMethod (59 bytes)
Event: 1.951 Thread 0x00007fd696808c00 nmethod 2484 0x000000011211e190 code [0x000000011211e440, 0x000000011211f080]
Event: 1.951 Thread 0x00007fd696808c00 2482       3       org.codehaus.groovy.reflection.CachedClass::getInterfaces (11 bytes)
Event: 1.951 Thread 0x00007fd696808c00 nmethod 2482 0x000000011211f590 code [0x000000011211f740, 0x000000011211fa20]
Event: 1.951 Thread 0x00007fd696808c00 2485       3       java.lang.Class::getMethod0 (31 bytes)
Event: 1.951 Thread 0x00007fd696808c00 nmethod 2485 0x000000011211fb10 code [0x000000011211fcc0, 0x000000011211fed0]

GC Heap History (6 events):
Event: 0.426 GC heap before
{Heap before GC invocations=0 (full 0):
 garbage-first heap   total 266240K, used 32552K [0x0000000700000000, 0x0000000800000000)
  region size 2048K, 11 young (22528K), 0 survivors (0K)
 Metaspace       used 3919K, capacity 6607K, committed 6656K, reserved 1056768K
  class space    used 503K, capacity 729K, committed 768K, reserved 1048576K
}
Event: 0.429 GC heap after
{Heap after GC invocations=1 (full 0):
 garbage-first heap   total 266240K, used 11085K [0x0000000700000000, 0x0000000800000000)
  region size 2048K, 2 young (4096K), 2 survivors (4096K)
 Metaspace       used 3919K, capacity 6607K, committed 6656K, reserved 1056768K
  class space    used 503K, capacity 729K, committed 768K, reserved 1048576K
}
Event: 0.619 GC heap before
{Heap before GC invocations=1 (full 0):
 garbage-first heap   total 266240K, used 35661K [0x0000000700000000, 0x0000000800000000)
  region size 2048K, 15 young (30720K), 2 survivors (4096K)
 Metaspace       used 5012K, capacity 7463K, committed 7680K, reserved 1056768K
  class space    used 682K, capacity 929K, committed 1024K, reserved 1048576K
}
Event: 0.625 GC heap after
{Heap after GC invocations=2 (full 0):
 garbage-first heap   total 266240K, used 15894K [0x0000000700000000, 0x0000000800000000)
  region size 2048K, 2 young (4096K), 2 survivors (4096K)
 Metaspace       used 5012K, capacity 7463K, committed 7680K, reserved 1056768K
  class space    used 682K, capacity 929K, committed 1024K, reserved 1048576K
}
Event: 1.794 GC heap before
{Heap before GC invocations=2 (full 0):
 garbage-first heap   total 266240K, used 101910K [0x0000000700000000, 0x0000000800000000)
  region size 2048K, 45 young (92160K), 2 survivors (4096K)
 Metaspace       used 20483K, capacity 20963K, committed 21296K, reserved 1067008K
  class space    used 3031K, capacity 3172K, committed 3200K, reserved 1048576K
}
Event: 1.800 GC heap after
{Heap after GC invocations=3 (full 0):
 garbage-first heap   total 266240K, used 20830K [0x0000000700000000, 0x0000000800000000)
  region size 2048K, 5 young (10240K), 5 survivors (10240K)
 Metaspace       used 20483K, capacity 20963K, committed 21296K, reserved 1067008K
  class space    used 3031K, capacity 3172K, committed 3200K, reserved 1048576K
}

Deoptimization events (20 events):
Event: 1.820 Thread 0x00007fd69f0efc00 Uncommon trap: trap_request=0xffffff45 fr.pc=0x00000001192bf5d0 relative=0x00000000000001b0
Event: 1.820 Thread 0x00007fd69f0efc00 Uncommon trap: reason=unstable_if action=reinterpret pc=0x00000001192bf5d0 method=java.util.regex.Pattern$BmpCharProperty.match(Ljava/util/regex/Matcher;ILjava/lang/CharSequence;)Z @ 39 c2
Event: 1.820 Thread 0x00007fd69f0efc00 DEOPT PACKING pc=0x00000001192bf5d0 sp=0x000070000e914e60
Event: 1.820 Thread 0x00007fd69f0efc00 DEOPT UNPACKING pc=0x000000011171d125 sp=0x000070000e914e20 mode 2
Event: 1.897 Thread 0x00007fd69f0efc00 Uncommon trap: trap_request=0xffffff45 fr.pc=0x000000011929ec60 relative=0x0000000000006100
Event: 1.897 Thread 0x00007fd69f0efc00 Uncommon trap: reason=unstable_if action=reinterpret pc=0x000000011929ec60 method=java.net.URLClassLoader.defineClass(Ljava/lang/String;Ljdk/internal/loader/Resource;)Ljava/lang/Class; @ 21 c2
Event: 1.897 Thread 0x00007fd69f0efc00 DEOPT PACKING pc=0x000000011929ec60 sp=0x000070000e915700
Event: 1.897 Thread 0x00007fd69f0efc00 DEOPT UNPACKING pc=0x000000011171d125 sp=0x000070000e915510 mode 2
Event: 1.897 Thread 0x00007fd69f0efc00 Uncommon trap: trap_request=0xffffff45 fr.pc=0x00000001192b2de8 relative=0x0000000000006388
Event: 1.897 Thread 0x00007fd69f0efc00 Uncommon trap: reason=unstable_if action=reinterpret pc=0x00000001192b2de8 method=java.lang.ClassLoader.getClassLoadingLock(Ljava/lang/String;)Ljava/lang/Object; @ 6 c2
Event: 1.897 Thread 0x00007fd69f0efc00 DEOPT PACKING pc=0x00000001192b2de8 sp=0x000070000e913eb0
Event: 1.897 Thread 0x00007fd69f0efc00 DEOPT UNPACKING pc=0x000000011171d125 sp=0x000070000e913ef0 mode 2
Event: 1.898 Thread 0x00007fd69f0efc00 Uncommon trap: trap_request=0xffffff45 fr.pc=0x0000000119255188 relative=0x00000000000000e8
Event: 1.898 Thread 0x00007fd69f0efc00 Uncommon trap: reason=unstable_if action=reinterpret pc=0x0000000119255188 method=java.lang.ClassLoader.getClassLoadingLock(Ljava/lang/String;)Ljava/lang/Object; @ 6 c2
Event: 1.898 Thread 0x00007fd69f0efc00 DEOPT PACKING pc=0x0000000119255188 sp=0x000070000e914100
Event: 1.898 Thread 0x00007fd69f0efc00 DEOPT UNPACKING pc=0x000000011171d125 sp=0x000070000e9140c0 mode 2
Event: 1.898 Thread 0x00007fd69f0efc00 Uncommon trap: trap_request=0xffffff45 fr.pc=0x00000001192ce18c relative=0x000000000000074c
Event: 1.898 Thread 0x00007fd69f0efc00 Uncommon trap: reason=unstable_if action=reinterpret pc=0x00000001192ce18c method=java.lang.Class.getPackageName()Ljava/lang/String; @ 55 c2
Event: 1.898 Thread 0x00007fd69f0efc00 DEOPT PACKING pc=0x00000001192ce18c sp=0x000070000e9152e0
Event: 1.898 Thread 0x00007fd69f0efc00 DEOPT UNPACKING pc=0x000000011171d125 sp=0x000070000e9152a0 mode 2

Classes unloaded (0 events):
No events

Classes redefined (0 events):
No events

Internal exceptions (20 events):
Event: 1.334 Thread 0x00007fd69f0efc00 Exception <a 'java/lang/NoSuchMethodError'{0x000000070ce72558}: 'java.lang.Object java.lang.invoke.DirectMethodHandle$Holder.invokeVirtual(java.lang.Object, java.lang.Object, java.lang.Object, java.lang.Object)'> (0x000000070ce72558) 
thrown [./src/hotspot/share/interpreter/linkResolver.cpp, line 782]
Event: 1.347 Thread 0x00007fd69f0efc00 Exception <a 'java/lang/NoSuchMethodError'{0x000000070cfc5918}: 'java.lang.Object java.lang.invoke.Invokers$Holder.invoker(java.lang.Object, java.lang.Object, java.lang.Object, java.lang.Object, java.lang.Object)'> (0x000000070cfc5918) 
thrown [./src/hotspot/share/interpreter/linkResolver.cpp, line 782]
Event: 1.369 Thread 0x00007fd69f0efc00 Exception <a 'java/lang/NoSuchMethodError'{0x000000070cd563b0}: 'java.lang.Object java.lang.invoke.DirectMethodHandle$Holder.newInvokeSpecial(java.lang.Object, java.lang.Object, java.lang.Object, java.lang.Object, java.lang.Object)'> (0x000000070cd563b0) 
thrown [./src/hotspot/share/interpreter/linkResolver.cpp, line 782]
Event: 1.398 Thread 0x00007fd69f0efc00 Exception <a 'java/lang/NoSuchMethodError'{0x000000070caef7a8}: 'void java.lang.invoke.DirectMethodHandle$Holder.invokeSpecial(java.lang.Object, java.lang.Object, java.lang.Object, java.lang.Object, java.lang.Object, java.lang.Object)'> (0x000000070caef7a8) 
thrown [./src/hotspot/share/interpreter/linkResolver.cpp, line 782]
Event: 1.405 Thread 0x00007fd69f0efc00 Exception <a 'java/lang/NoSuchMethodError'{0x000000070cb529e8}: 'void java.lang.invoke.DirectMethodHandle$Holder.invokeSpecial(java.lang.Object, java.lang.Object, java.lang.Object, java.lang.Object, java.lang.Object, java.lang.Object, java.lang.Object)'> (0x000000070cb529e8) 
thrown [./src/hotspot/share/interpreter/linkResolver.cpp, line 782]
Event: 1.405 Thread 0x00007fd69f0efc00 Exception <a 'java/lang/NoSuchMethodError'{0x000000070cb5b8d8}: 'java.lang.Object java.lang.invoke.DirectMethodHandle$Holder.newInvokeSpecial(java.lang.Object, java.lang.Object, java.lang.Object, java.lang.Object, java.lang.Object, java.lang.Object)'> (0x000000070cb5b8d8) 
thrown [./src/hotspot/share/interpreter/linkResolver.cpp, line 782]
Event: 1.430 Thread 0x00007fd69f0efc00 Exception <a 'java/lang/NoSuchMethodError'{0x000000070c9a62f0}: 'java.lang.Object java.lang.invoke.Invokers$Holder.invoker(java.lang.Object, java.lang.Object, java.lang.Object)'> (0x000000070c9a62f0) 
thrown [./src/hotspot/share/interpreter/linkResolver.cpp, line 782]
Event: 1.642 Thread 0x00007fd69f0efc00 Exception <a 'java/lang/NoSuchMethodError'{0x000000070b7c1948}: 'java.lang.Object java.lang.invoke.DirectMethodHandle$Holder.invokeSpecialIFC(java.lang.Object, java.lang.Object, java.lang.Object, java.lang.Object)'> (0x000000070b7c1948) 
thrown [./src/hotspot/share/interpreter/linkResolver.cpp, line 782]
Event: 1.647 Thread 0x00007fd69f0efc00 Exception <a 'java/lang/NoSuchMethodError'{0x000000070b43bd80}: 'java.lang.Object java.lang.invoke.DirectMethodHandle$Holder.invokeSpecial(java.lang.Object, java.lang.Object, java.lang.Object, java.lang.Object, java.lang.Object, java.lang.Object, java.lang.Object, java.lang.Object, java.lang.Object, java.lang.Object, java.lang.Object, java.lang.Object, java.lang.Object)'> (0x000000070b43bd80) 
thrown [./src/hotspot/share/interpreter/linkResolver.cpp, line 782]
Event: 1.648 Thread 0x00007fd69f0efc00 Exception <a 'java/lang/NoSuchMethodError'{0x000000070b450150}: 'java.lang.Object java.lang.invoke.DirectMethodHandle$Holder.newInvokeSpecial(java.lang.Object, java.lang.Object, java.lang.Object, java.lang.Object, java.lang.Object, java.lang.Object, java.lang.Object, java.lang.Object, java.lang.Object, java.lang.Object, java.lang.Object)'> (0x000000070b450150) 
thrown [./src/hotspot/share/interpreter/linkResolver.cpp, line 782]
Event: 1.649 Thread 0x00007fd69f0efc00 Exception <a 'java/lang/NoSuchMethodError'{0x000000070b455e90}: 'java.lang.Object java.lang.invoke.DirectMethodHandle$Holder.invokeSpecial(java.lang.Object, java.lang.Object, java.lang.Object, java.lang.Object, java.lang.Object, java.lang.Object, java.lang.Object, java.lang.Object, java.lang.Object, java.lang.Object, java.lang.Object, java.lang.Object)'> (0x000000070b455e90) 
thrown [./src/hotspot/share/interpreter/linkResolver.cpp, line 782]
Event: 1.649 Thread 0x00007fd69f0efc00 Exception <a 'java/lang/NoSuchMethodError'{0x000000070b45b480}: 'java.lang.Object java.lang.invoke.Invokers$Holder.linkToTargetMethod(java.lang.Object, java.lang.Object, java.lang.Object, java.lang.Object, java.lang.Object, java.lang.Object, java.lang.Object, java.lang.Object, java.lang.Object, java.lang.Object, java.lang.Object)'> (0x000000070b45b480) 
thrown [./src/hotspot/share/interpreter/linkResolver.cpp, line 782]
Event: 1.654 Thread 0x00007fd69f0efc00 Exception <a 'java/lang/NoSuchMethodError'{0x000000070b4e1ee8}: 'java.lang.Object java.lang.invoke.DirectMethodHandle$Holder.invokeSpecial(java.lang.Object, java.lang.Object, java.lang.Object, java.lang.Object, java.lang.Object, java.lang.Object, java.lang.Object, java.lang.Object, java.lang.Object, java.lang.Object, java.lang.Object, java.lang.Object, java.lang.Object, java.lang.Object)'> (0x000000070b4e1ee8) 
thrown [./src/hotspot/share/interpreter/linkResolver.cpp, line 782]
Event: 1.655 Thread 0x00007fd69f0efc00 Exception <a 'java/lang/NoSuchMethodError'{0x000000070b4f70c0}: 'java.lang.Object java.lang.invoke.DirectMethodHandle$Holder.newInvokeSpecial(java.lang.Object, java.lang.Object, java.lang.Object, java.lang.Object, java.lang.Object, java.lang.Object, java.lang.Object, java.lang.Object, java.lang.Object, java.lang.Object, java.lang.Object, java.lang.Object)'> (0x000000070b4f70c0) 
thrown [./src/hotspot/share/interpreter/linkResolver.cpp, line 782]
Event: 1.655 Thread 0x00007fd69f0efc00 Exception <a 'java/lang/NoSuchMethodError'{0x000000070b4fc8c0}: 'java.lang.Object java.lang.invoke.Invokers$Holder.linkToTargetMethod(java.lang.Object, java.lang.Object, java.lang.Object, java.lang.Object, java.lang.Object, java.lang.Object, java.lang.Object, java.lang.Object, java.lang.Object, java.lang.Object, java.lang.Object, java.lang.Object)'> (0x000000070b4fc8c0) 
thrown [./src/hotspot/share/interpreter/linkResolver.cpp, line 782]
Event: 1.659 Thread 0x00007fd69f0efc00 Exception <a 'java/lang/NoSuchMethodError'{0x000000070b551380}: 'java.lang.Object java.lang.invoke.DirectMethodHandle$Holder.invokeStaticInit(java.lang.Object, java.lang.Object, java.lang.Object, java.lang.Object)'> (0x000000070b551380) 
thrown [./src/hotspot/share/interpreter/linkResolver.cpp, line 782]
Event: 1.700 Thread 0x00007fd69f0efc00 Implicit null exception at 0x000000011924af8f to 0x000000011924b20c
Event: 1.868 Thread 0x00007fd69f0efc00 Exception <a 'java/lang/NoSuchMethodError'{0x0000000704279eb0}: 'int java.lang.invoke.DirectMethodHandle$Holder.invokeStaticInit(java.lang.Object, java.lang.Object, java.lang.Object)'> (0x0000000704279eb0) 
thrown [./src/hotspot/share/interpreter/linkResolver.cpp, line 782]
Event: 1.885 Thread 0x00007fd697d81800 Exception <a 'java/lang/NoSuchMethodError'{0x000000070410b2a8}: 'void java.lang.invoke.DirectMethodHandle$Holder.invokeStatic(java.lang.Object, java.lang.Object, java.lang.Object, java.lang.Object)'> (0x000000070410b2a8) 
thrown [./src/hotspot/share/interpreter/linkResolver.cpp, line 782]
Event: 1.903 Thread 0x00007fd69f0efc00 Exception <a 'java/lang/NoSuchMethodError'{0x0000000703e3da00}: 'void java.lang.invoke.DirectMethodHandle$Holder.invokeStaticInit(java.lang.Object, java.lang.Object, java.lang.Object, java.lang.Object)'> (0x0000000703e3da00) 
thrown [./src/hotspot/share/interpreter/linkResolver.cpp, line 782]

Events (20 events):
Event: 1.913 Executing VM operation: HandshakeAllThreads
Event: 1.913 Executing VM operation: HandshakeAllThreads done
Event: 1.914 loading class java/lang/Process
Event: 1.914 loading class java/lang/Process done
Event: 1.923 loading class java/lang/reflect/MalformedParameterizedTypeException
Event: 1.923 loading class java/lang/reflect/MalformedParameterizedTypeException done
Event: 1.931 loading class java/security/AccessControlException
Event: 1.931 loading class java/security/AccessControlException done
Event: 1.940 loading class java/lang/ClassFormatError
Event: 1.940 loading class java/lang/ClassFormatError done
Event: 1.946 loading class java/lang/ProcessHandle$Info
Event: 1.946 loading class java/lang/ProcessHandle$Info done
Event: 1.946 loading class java/lang/ProcessHandle
Event: 1.946 loading class java/lang/ProcessHandle done
Event: 1.946 loading class java/util/concurrent/CompletableFuture
Event: 1.946 loading class java/util/concurrent/CompletionStage
Event: 1.946 loading class java/util/concurrent/CompletionStage done
Event: 1.947 loading class java/util/concurrent/CompletableFuture done
Event: 1.948 loading class java/io/UnsupportedEncodingException
Event: 1.948 loading class java/io/UnsupportedEncodingException done


Dynamic libraries:
0x00007fff729a4000 	/usr/lib/libz.1.dylib
0x000000010082b000 	/Users/yonghun/Library/Java/JavaVirtualMachines/azul-15.0.7/Contents/Home/lib/libjli.dylib
0x00007fff38686000 	/System/Library/Frameworks/Cocoa.framework/Versions/A/Cocoa
0x00007fff45e80000 	/System/Library/Frameworks/Security.framework/Versions/A/Security
0x00007fff375eb000 	/System/Library/Frameworks/ApplicationServices.framework/Versions/A/ApplicationServices
0x00007fff70468000 	/usr/lib/libSystem.B.dylib
0x00007fff73265000 	/usr/lib/system/libcache.dylib
0x00007fff7326b000 	/usr/lib/system/libcommonCrypto.dylib
0x00007fff73277000 	/usr/lib/system/libcompiler_rt.dylib
0x00007fff7327f000 	/usr/lib/system/libcopyfile.dylib
0x00007fff73289000 	/usr/lib/system/libcorecrypto.dylib
0x00007fff73428000 	/usr/lib/system/libdispatch.dylib
0x00007fff73469000 	/usr/lib/system/libdyld.dylib
0x00007fff734a0000 	/usr/lib/system/libkeymgr.dylib
0x00007fff734ae000 	/usr/lib/system/liblaunch.dylib
0x00007fff734af000 	/usr/lib/system/libmacho.dylib
0x00007fff734b5000 	/usr/lib/system/libquarantine.dylib
0x00007fff734b8000 	/usr/lib/system/libremovefile.dylib
0x00007fff734ba000 	/usr/lib/system/libsystem_asl.dylib
0x00007fff734d2000 	/usr/lib/system/libsystem_blocks.dylib
0x00007fff734d3000 	/usr/lib/system/libsystem_c.dylib
0x00007fff7355b000 	/usr/lib/system/libsystem_configuration.dylib
0x00007fff7355f000 	/usr/lib/system/libsystem_coreservices.dylib
0x00007fff73563000 	/usr/lib/system/libsystem_darwin.dylib
0x00007fff7356c000 	/usr/lib/system/libsystem_dnssd.dylib
0x00007fff73574000 	/usr/lib/system/libsystem_featureflags.dylib
0x00007fff73576000 	/usr/lib/system/libsystem_info.dylib
0x00007fff735f1000 	/usr/lib/system/libsystem_m.dylib
0x00007fff73639000 	/usr/lib/system/libsystem_malloc.dylib
0x00007fff73661000 	/usr/lib/system/libsystem_networkextension.dylib
0x00007fff7366f000 	/usr/lib/system/libsystem_notify.dylib
0x00007fff7368d000 	/usr/lib/system/libsystem_sandbox.dylib
0x00007fff73692000 	/usr/lib/system/libsystem_secinit.dylib
0x00007fff735c4000 	/usr/lib/system/libsystem_kernel.dylib
0x00007fff73679000 	/usr/lib/system/libsystem_platform.dylib
0x00007fff73682000 	/usr/lib/system/libsystem_pthread.dylib
0x00007fff73695000 	/usr/lib/system/libsystem_symptoms.dylib
0x00007fff7369d000 	/usr/lib/system/libsystem_trace.dylib
0x00007fff736b5000 	/usr/lib/system/libunwind.dylib
0x00007fff736bb000 	/usr/lib/system/libxpc.dylib
0x00007fff722c8000 	/usr/lib/libobjc.A.dylib
0x00007fff707a1000 	/usr/lib/libc++abi.dylib
0x00007fff7074e000 	/usr/lib/libc++.1.dylib
0x00007fff39528000 	/System/Library/Frameworks/CoreFoundation.framework/Versions/A/CoreFoundation
0x00007fff3bbe5000 	/System/Library/Frameworks/Foundation.framework/Versions/C/Foundation
0x00007fff367db000 	/System/Library/Frameworks/AppKit.framework/Versions/C/AppKit
0x00007fff3900a000 	/System/Library/Frameworks/CoreData.framework/Versions/A/CoreData
0x00007fff6a47d000 	/System/Library/PrivateFrameworks/UIFoundation.framework/Versions/A/UIFoundation
0x00007fff65511000 	/System/Library/PrivateFrameworks/RemoteViewServices.framework/Versions/A/RemoteViewServices
0x00007fff6cfd8000 	/System/Library/PrivateFrameworks/XCTTargetBootstrap.framework/Versions/A/XCTTargetBootstrap
0x00007fff393f5000 	/System/Library/Frameworks/CoreDisplay.framework/Versions/A/CoreDisplay
0x00007fff3eaa0000 	/System/Library/Frameworks/Metal.framework/Versions/A/Metal
0x00007fff53514000 	/System/Library/PrivateFrameworks/DesktopServicesPriv.framework/Versions/A/DesktopServicesPriv
0x00007fff715a3000 	/usr/lib/liblangid.dylib
0x00007fff527a9000 	/System/Library/PrivateFrameworks/CoreSVG.framework/Versions/A/CoreSVG
0x00007fff6866d000 	/System/Library/PrivateFrameworks/SkyLight.framework/Versions/A/SkyLight
0x00007fff399a9000 	/System/Library/Frameworks/CoreGraphics.framework/Versions/A/CoreGraphics
0x00007fff351af000 	/System/Library/Frameworks/Accelerate.framework/Versions/A/Accelerate
0x00007fff72895000 	/usr/lib/libxml2.2.dylib
0x00007fff5e49c000 	/System/Library/PrivateFrameworks/IconServices.framework/Versions/A/IconServices
0x00007fff3c3c4000 	/System/Library/Frameworks/IOSurface.framework/Versions/A/IOSurface
0x00007fff6ff92000 	/usr/lib/libDiagnosticMessagesClient.dylib
0x00007fff5336e000 	/System/Library/PrivateFrameworks/DFRFoundation.framework/Versions/A/DFRFoundation
0x00007fff71332000 	/usr/lib/libicucore.A.dylib
0x00007fff3791d000 	/System/Library/Frameworks/AudioToolbox.framework/Versions/A/AudioToolbox
0x00007fff37a00000 	/System/Library/Frameworks/AudioUnit.framework/Versions/A/AudioUnit
0x00007fff7066a000 	/usr/lib/libauto.dylib
0x00007fff53410000 	/System/Library/PrivateFrameworks/DataDetectorsCore.framework/Versions/A/DataDetectorsCore
0x00007fff381a7000 	/System/Library/Frameworks/Carbon.framework/Versions/A/Frameworks/HIToolbox.framework/Versions/A/HIToolbox
0x00007fff45079000 	/System/Library/Frameworks/QuartzCore.framework/Versions/A/QuartzCore
0x00007fff384e6000 	/System/Library/Frameworks/Carbon.framework/Versions/A/Frameworks/SpeechRecognition.framework/Versions/A/SpeechRecognition
0x00007fff52e82000 	/System/Library/PrivateFrameworks/CoreUI.framework/Versions/A/CoreUI
0x00007fff38a75000 	/System/Library/Frameworks/CoreAudio.framework/Versions/A/CoreAudio
0x00007fff3b8a4000 	/System/Library/Frameworks/DiskArbitration.framework/Versions/A/DiskArbitration
0x00007fff604ec000 	/System/Library/PrivateFrameworks/MultitouchSupport.framework/Versions/A/MultitouchSupport
0x00007fff711f9000 	/usr/lib/libenergytrace.dylib
0x00007fff3c31e000 	/System/Library/Frameworks/IOKit.framework/Versions/A/IOKit
0x00007fff3a910000 	/System/Library/Frameworks/CoreServices.framework/Versions/A/CoreServices
0x00007fff626a4000 	/System/Library/PrivateFrameworks/PerformanceAnalysis.framework/Versions/A/PerformanceAnalysis
0x00007fff440ac000 	/System/Library/Frameworks/OpenGL.framework/Versions/A/OpenGL
0x00007fff38694000 	/System/Library/Frameworks/ColorSync.framework/Versions/A/ColorSync
0x00007fff3a02c000 	/System/Library/Frameworks/CoreImage.framework/Versions/A/CoreImage
0x00007fff3b383000 	/System/Library/Frameworks/CoreText.framework/Versions/A/CoreText
0x00007fff3c454000 	/System/Library/Frameworks/ImageIO.framework/Versions/A/ImageIO
0x00007fff707ca000 	/usr/lib/libcompression.dylib
0x00007fff702d6000 	/usr/lib/libMobileGestalt.dylib
0x00007fff6a1e7000 	/System/Library/PrivateFrameworks/TextureIO.framework/Versions/A/TextureIO
0x00007fff705cd000 	/usr/lib/libate.dylib
0x00007fff5e6a5000 	/System/Library/PrivateFrameworks/InternationalSupport.framework/Versions/A/InternationalSupport
0x00007fff715a5000 	/usr/lib/liblzma.5.dylib
0x00007fff71220000 	/usr/lib/libfakelink.dylib
0x00007fff7055a000 	/usr/lib/libarchive.2.dylib
0x00007fff46f31000 	/System/Library/Frameworks/SystemConfiguration.framework/Versions/A/SystemConfiguration
0x00007fff6fec5000 	/usr/lib/libCRFSuite.dylib
0x00007fff37d97000 	/System/Library/Frameworks/CFNetwork.framework/Versions/A/CFNetwork
0x00007fff70730000 	/usr/lib/libbsm.0.dylib
0x00007fff734a1000 	/usr/lib/system/libkxld.dylib
0x00007fff4cceb000 	/System/Library/PrivateFrameworks/AppleFSCompression.framework/Versions/A/AppleFSCompression
0x00007fff70abb000 	/usr/lib/libcoretls.dylib
0x00007fff70ad2000 	/usr/lib/libcoretls_cfhelpers.dylib
0x00007fff7230e000 	/usr/lib/libpam.2.dylib
0x00007fff72443000 	/usr/lib/libsqlite3.dylib
0x00007fff72882000 	/usr/lib/libxar.1.dylib
0x00007fff70741000 	/usr/lib/libbz2.1.0.dylib
0x00007fff71241000 	/usr/lib/libiconv.2.dylib
0x00007fff707b7000 	/usr/lib/libcharset.1.dylib
0x00007fff71dab000 	/usr/lib/libnetwork.dylib
0x00007fff72315000 	/usr/lib/libpcap.A.dylib
0x00007fff7050f000 	/usr/lib/libapple_nghttp2.dylib
0x00007fff3acc7000 	/System/Library/Frameworks/CoreServices.framework/Versions/A/Frameworks/FSEvents.framework/Versions/A/FSEvents
0x00007fff3a997000 	/System/Library/Frameworks/CoreServices.framework/Versions/A/Frameworks/CarbonCore.framework/Versions/A/CarbonCore
0x00007fff3af0b000 	/System/Library/Frameworks/CoreServices.framework/Versions/A/Frameworks/Metadata.framework/Versions/A/Metadata
0x00007fff3afa4000 	/System/Library/Frameworks/CoreServices.framework/Versions/A/Frameworks/OSServices.framework/Versions/A/OSServices
0x00007fff3afd2000 	/System/Library/Frameworks/CoreServices.framework/Versions/A/Frameworks/SearchKit.framework/Versions/A/SearchKit
0x00007fff3a911000 	/System/Library/Frameworks/CoreServices.framework/Versions/A/Frameworks/AE.framework/Versions/A/AE
0x00007fff3acd0000 	/System/Library/Frameworks/CoreServices.framework/Versions/A/Frameworks/LaunchServices.framework/Versions/A/LaunchServices
0x00007fff3ac79000 	/System/Library/Frameworks/CoreServices.framework/Versions/A/Frameworks/DictionaryServices.framework/Versions/A/DictionaryServices
0x00007fff3b03a000 	/System/Library/Frameworks/CoreServices.framework/Versions/A/Frameworks/SharedFileList.framework/Versions/A/SharedFileList
0x00007fff3fecb000 	/System/Library/Frameworks/NetFS.framework/Versions/A/NetFS
0x00007fff60a1c000 	/System/Library/PrivateFrameworks/NetAuth.framework/Versions/A/NetAuth
0x00007fff6d3a5000 	/System/Library/PrivateFrameworks/login.framework/Versions/A/Frameworks/loginsupport.framework/Versions/A/loginsupport
0x00007fff69cb2000 	/System/Library/PrivateFrameworks/TCC.framework/Versions/A/TCC
0x00007fff5191c000 	/System/Library/PrivateFrameworks/CoreNLP.framework/Versions/A/CoreNLP
0x00007fff5ff19000 	/System/Library/PrivateFrameworks/MetadataUtilities.framework/Versions/A/MetadataUtilities
0x00007fff7167d000 	/usr/lib/libmecabra.dylib
0x00007fff715d5000 	/usr/lib/libmecab.dylib
0x00007fff71231000 	/usr/lib/libgermantok.dylib
0x00007fff704f6000 	/usr/lib/libThaiTokenizer.dylib
0x00007fff6fefc000 	/usr/lib/libChineseTokenizer.dylib
0x00007fff351c7000 	/System/Library/Frameworks/Accelerate.framework/Versions/A/Frameworks/vImage.framework/Versions/A/vImage
0x00007fff36631000 	/System/Library/Frameworks/Accelerate.framework/Versions/A/Frameworks/vecLib.framework/Versions/A/vecLib
0x00007fff3656e000 	/System/Library/Frameworks/Accelerate.framework/Versions/A/Frameworks/vecLib.framework/Versions/A/libvMisc.dylib
0x00007fff36396000 	/System/Library/Frameworks/Accelerate.framework/Versions/A/Frameworks/vecLib.framework/Versions/A/libvDSP.dylib
0x00007fff3581e000 	/System/Library/Frameworks/Accelerate.framework/Versions/A/Frameworks/vecLib.framework/Versions/A/libBLAS.dylib
0x00007fff35f5a000 	/System/Library/Frameworks/Accelerate.framework/Versions/A/Frameworks/vecLib.framework/Versions/A/libLAPACK.dylib
0x00007fff362f6000 	/System/Library/Frameworks/Accelerate.framework/Versions/A/Frameworks/vecLib.framework/Versions/A/libLinearAlgebra.dylib
0x00007fff36383000 	/System/Library/Frameworks/Accelerate.framework/Versions/A/Frameworks/vecLib.framework/Versions/A/libSparseBLAS.dylib
0x00007fff3630c000 	/System/Library/Frameworks/Accelerate.framework/Versions/A/Frameworks/vecLib.framework/Versions/A/libQuadrature.dylib
0x00007fff35a86000 	/System/Library/Frameworks/Accelerate.framework/Versions/A/Frameworks/vecLib.framework/Versions/A/libBNNS.dylib
0x00007fff36312000 	/System/Library/Frameworks/Accelerate.framework/Versions/A/Frameworks/vecLib.framework/Versions/A/libSparse.dylib
0x00007fff5ea8d000 	/System/Library/PrivateFrameworks/LanguageModeling.framework/Versions/A/LanguageModeling
0x00007fff512cc000 	/System/Library/PrivateFrameworks/CoreEmoji.framework/Versions/A/CoreEmoji
0x00007fff5ebab000 	/System/Library/PrivateFrameworks/LinguisticData.framework/Versions/A/LinguisticData
0x00007fff5eb5c000 	/System/Library/PrivateFrameworks/Lexicon.framework/Versions/A/Lexicon
0x00007fff707b8000 	/usr/lib/libcmph.dylib
0x00007fff42aba000 	/System/Library/Frameworks/OpenDirectory.framework/Versions/A/Frameworks/CFOpenDirectory.framework/Versions/A/CFOpenDirectory
0x00007fff42ad7000 	/System/Library/Frameworks/OpenDirectory.framework/Versions/A/OpenDirectory
0x00007fff4af1b000 	/System/Library/PrivateFrameworks/APFS.framework/Versions/A/APFS
0x00007fff461ca000 	/System/Library/Frameworks/SecurityFoundation.framework/Versions/A/SecurityFoundation
0x00007fff7287e000 	/usr/lib/libutil.dylib
0x00007fff52801000 	/System/Library/PrivateFrameworks/CoreServicesStore.framework/Versions/A/CoreServicesStore
0x00007fff46281000 	/System/Library/Frameworks/ServiceManagement.framework/Versions/A/ServiceManagement
0x00007fff4e4bb000 	/System/Library/PrivateFrameworks/BackgroundTaskManagement.framework/Versions/A/BackgroundTaskManagement
0x00007fff7297b000 	/usr/lib/libxslt.1.dylib
0x00007fff4d35e000 	/System/Library/PrivateFrameworks/AppleSystemInfo.framework/Versions/A/AppleSystemInfo
0x00007fff3c66f000 	/System/Library/Frameworks/ImageIO.framework/Versions/A/Resources/libJPEG.dylib
0x00007fff3c92e000 	/System/Library/Frameworks/ImageIO.framework/Versions/A/Resources/libTIFF.dylib
0x00007fff3c911000 	/System/Library/Frameworks/ImageIO.framework/Versions/A/Resources/libPng.dylib
0x00007fff3c5b1000 	/System/Library/Frameworks/ImageIO.framework/Versions/A/Resources/libGIF.dylib
0x00007fff3c5b5000 	/System/Library/Frameworks/ImageIO.framework/Versions/A/Resources/libJP2.dylib
0x00007fff3c92c000 	/System/Library/Frameworks/ImageIO.framework/Versions/A/Resources/libRadiance.dylib
0x00007fff711fa000 	/usr/lib/libexpat.1.dylib
0x00007fff4ce46000 	/System/Library/PrivateFrameworks/AppleJPEG.framework/Versions/A/AppleJPEG
0x00007fff55b01000 	/System/Library/PrivateFrameworks/FontServices.framework/libFontParser.dylib
0x00007fff6c3a7000 	/System/Library/PrivateFrameworks/WatchdogClient.framework/Versions/A/WatchdogClient
0x00007fff5e0e8000 	/System/Library/PrivateFrameworks/IOAccelerator.framework/Versions/A/IOAccelerator
0x00007fff3ee3b000 	/System/Library/Frameworks/MetalPerformanceShaders.framework/Versions/A/MetalPerformanceShaders
0x00007fff5a87e000 	/System/Library/PrivateFrameworks/GPUWrangler.framework/Versions/A/GPUWrangler
0x00007fff5e0fd000 	/System/Library/PrivateFrameworks/IOPresentment.framework/Versions/A/IOPresentment
0x00007fff53381000 	/System/Library/PrivateFrameworks/DSExternalDisplay.framework/Versions/A/DSExternalDisplay
0x00007fff4344b000 	/System/Library/Frameworks/OpenGL.framework/Versions/A/Libraries/libCoreFSCache.dylib
0x00007fff3eb87000 	/System/Library/Frameworks/MetalPerformanceShaders.framework/Frameworks/MPSCore.framework/Versions/A/MPSCore
0x00007fff3ebc5000 	/System/Library/Frameworks/MetalPerformanceShaders.framework/Frameworks/MPSImage.framework/Versions/A/MPSImage
0x00007fff3ec8c000 	/System/Library/Frameworks/MetalPerformanceShaders.framework/Frameworks/MPSNeuralNetwork.framework/Versions/A/MPSNeuralNetwork
0x00007fff3ec50000 	/System/Library/Frameworks/MetalPerformanceShaders.framework/Frameworks/MPSMatrix.framework/Versions/A/MPSMatrix
0x00007fff3edeb000 	/System/Library/Frameworks/MetalPerformanceShaders.framework/Frameworks/MPSRayIntersector.framework/Versions/A/MPSRayIntersector
0x00007fff3ec76000 	/System/Library/Frameworks/MetalPerformanceShaders.framework/Frameworks/MPSNDArray.framework/Versions/A/MPSNDArray
0x00007fff5ff66000 	/System/Library/PrivateFrameworks/MetalTools.framework/Versions/A/MetalTools
0x00007fff4c0f5000 	/System/Library/PrivateFrameworks/AggregateDictionary.framework/Versions/A/AggregateDictionary
0x00007fff50d14000 	/System/Library/PrivateFrameworks/CoreAnalytics.framework/Versions/A/CoreAnalytics
0x00007fff4d27d000 	/System/Library/PrivateFrameworks/AppleSauce.framework/Versions/A/AppleSauce
0x00007fff701b8000 	/usr/lib/libIOReport.dylib
0x00007fff3b53b000 	/System/Library/Frameworks/CoreVideo.framework/Versions/A/CoreVideo
0x00007fff5bcf7000 	/System/Library/PrivateFrameworks/GraphVisualizer.framework/Versions/A/GraphVisualizer
0x00007fff55047000 	/System/Library/PrivateFrameworks/FaceCore.framework/Versions/A/FaceCore
0x00007fff42a61000 	/System/Library/Frameworks/OpenCL.framework/Versions/A/OpenCL
0x00007fff6ffda000 	/usr/lib/libFosl_dynamic.dylib
0x00007fff6143c000 	/System/Library/PrivateFrameworks/OTSVG.framework/Versions/A/OTSVG
0x00007fff376f0000 	/System/Library/Frameworks/ApplicationServices.framework/Versions/A/Frameworks/ATS.framework/Versions/A/Resources/libFontRegistry.dylib
0x00007fff55cd2000 	/System/Library/PrivateFrameworks/FontServices.framework/libhvf.dylib
0x00007fff43456000 	/System/Library/Frameworks/OpenGL.framework/Versions/A/Libraries/libGFXShared.dylib
0x00007fff43634000 	/System/Library/Frameworks/OpenGL.framework/Versions/A/Libraries/libGLU.dylib
0x00007fff4345f000 	/System/Library/Frameworks/OpenGL.framework/Versions/A/Libraries/libGL.dylib
0x00007fff4346a000 	/System/Library/Frameworks/OpenGL.framework/Versions/A/Libraries/libGLImage.dylib
0x00007fff43448000 	/System/Library/Frameworks/OpenGL.framework/Versions/A/Libraries/libCVMSPluginSupport.dylib
0x00007fff43451000 	/System/Library/Frameworks/OpenGL.framework/Versions/A/Libraries/libCoreVMClient.dylib
0x00007fff71c4c000 	/usr/lib/libncurses.5.4.dylib
0x00007fff375ec000 	/System/Library/Frameworks/ApplicationServices.framework/Versions/A/Frameworks/ATS.framework/Versions/A/ATS
0x00007fff377b9000 	/System/Library/Frameworks/ApplicationServices.framework/Versions/A/Frameworks/ColorSyncLegacy.framework/Versions/A/ColorSyncLegacy
0x00007fff37857000 	/System/Library/Frameworks/ApplicationServices.framework/Versions/A/Frameworks/HIServices.framework/Versions/A/HIServices
0x00007fff378af000 	/System/Library/Frameworks/ApplicationServices.framework/Versions/A/Frameworks/LangAnalysis.framework/Versions/A/LangAnalysis
0x00007fff378be000 	/System/Library/Frameworks/ApplicationServices.framework/Versions/A/Frameworks/PrintCore.framework/Versions/A/PrintCore
0x00007fff37904000 	/System/Library/Frameworks/ApplicationServices.framework/Versions/A/Frameworks/QD.framework/Versions/A/QD
0x00007fff3790f000 	/System/Library/Frameworks/ApplicationServices.framework/Versions/A/Frameworks/SpeechSynthesis.framework/Versions/A/SpeechSynthesis
0x00007fff37789000 	/System/Library/Frameworks/ApplicationServices.framework/Versions/A/Frameworks/ATSUI.framework/Versions/A/ATSUI
0x00007fff71090000 	/usr/lib/libcups.2.dylib
0x00007fff3ded6000 	/System/Library/Frameworks/Kerberos.framework/Versions/A/Kerberos
0x00007fff3c017000 	/System/Library/Frameworks/GSS.framework/Versions/A/GSS
0x00007fff723cf000 	/usr/lib/libresolv.9.dylib
0x00007fff5bea4000 	/System/Library/PrivateFrameworks/Heimdal.framework/Versions/A/Heimdal
0x00007fff3dee9000 	/System/Library/Frameworks/Kerberos.framework/Versions/A/Libraries/libHeimdalProxy.dylib
0x00007fff71237000 	/usr/lib/libheimdal-asn1.dylib
0x00007fff501ac000 	/System/Library/PrivateFrameworks/CommonAuth.framework/Versions/A/CommonAuth
0x00007fff4d3fb000 	/System/Library/PrivateFrameworks/AssertionServices.framework/Versions/A/AssertionServices
0x00007fff4df9e000 	/System/Library/PrivateFrameworks/AudioToolboxCore.framework/Versions/A/AudioToolboxCore
0x00007fff6d055000 	/System/Library/PrivateFrameworks/caulk.framework/Versions/A/caulk
0x00007fff4e567000 	/System/Library/PrivateFrameworks/BaseBoard.framework/Versions/A/BaseBoard
0x00007fff6569f000 	/System/Library/PrivateFrameworks/RunningBoardServices.framework/Versions/A/RunningBoardServices
0x00007fff626b0000 	/System/Library/PrivateFrameworks/PersistentConnection.framework/Versions/A/PersistentConnection
0x00007fff65098000 	/System/Library/PrivateFrameworks/ProtocolBuffer.framework/Versions/A/ProtocolBuffer
0x00007fff501d0000 	/System/Library/PrivateFrameworks/CommonUtilities.framework/Versions/A/CommonUtilities
0x00007fff4e6f5000 	/System/Library/PrivateFrameworks/Bom.framework/Versions/A/Bom
0x00007fff6fe8b000 	/usr/lib/libAudioToolboxUtility.dylib
0x00007fff4e4c5000 	/System/Library/PrivateFrameworks/Backup.framework/Versions/A/Backup
0x00007fff532a2000 	/System/Library/PrivateFrameworks/CrashReporterSupport.framework/Versions/A/CrashReporterSupport
0x00007fff67131000 	/System/Library/PrivateFrameworks/Sharing.framework/Versions/A/Sharing
0x00007fff4ca09000 	/System/Library/PrivateFrameworks/Apple80211.framework/Versions/A/Apple80211
0x00007fff4e1e2000 	/System/Library/PrivateFrameworks/AuthKit.framework/Versions/A/AuthKit
0x00007fff52faf000 	/System/Library/PrivateFrameworks/CoreUtils.framework/Versions/A/CoreUtils
0x00007fff3b580000 	/System/Library/Frameworks/CoreWLAN.framework/Versions/A/CoreWLAN
0x00007fff3c1a4000 	/System/Library/Frameworks/IOBluetooth.framework/Versions/A/IOBluetooth
0x00007fff6026b000 	/System/Library/PrivateFrameworks/MobileKeyBag.framework/Versions/A/MobileKeyBag
0x00007fff51db4000 	/System/Library/PrivateFrameworks/CorePhoneNumbers.framework/Versions/A/CorePhoneNumbers
0x00007fff4cdf9000 	/System/Library/PrivateFrameworks/AppleIDAuthSupport.framework/Versions/A/AppleIDAuthSupport
0x00007fff3fed8000 	/System/Library/Frameworks/Network.framework/Versions/A/Network
0x00007fff5e939000 	/System/Library/PrivateFrameworks/KeychainCircle.framework/Versions/A/KeychainCircle
0x00007fff38fd1000 	/System/Library/Frameworks/CoreBluetooth.framework/Versions/A/CoreBluetooth
0x00007fff691b0000 	/System/Library/PrivateFrameworks/SpeechRecognitionCore.framework/Versions/A/SpeechRecognitionCore
0x00007fff2c5c9000 	/System/Library/CoreServices/Encodings/libKoreanConverter.dylib
0x0000000102200000 	/Users/yonghun/Library/Java/JavaVirtualMachines/azul-15.0.7/Contents/Home/lib/server/libjvm.dylib
0x000000010085c000 	/Users/yonghun/Library/Java/JavaVirtualMachines/azul-15.0.7/Contents/Home/lib/libjimage.dylib
0x00000001008b2000 	/Users/yonghun/Library/Java/JavaVirtualMachines/azul-15.0.7/Contents/Home/lib/libjava.dylib
0x00000001009e3000 	/Users/yonghun/Library/Java/JavaVirtualMachines/azul-15.0.7/Contents/Home/lib/libnio.dylib
0x0000000108c29000 	/Users/yonghun/Library/Java/JavaVirtualMachines/azul-15.0.7/Contents/Home/lib/libnet.dylib
0x0000000108c43000 	/Users/yonghun/Library/Java/JavaVirtualMachines/azul-15.0.7/Contents/Home/lib/libzip.dylib
0x0000000108c51000 	/Users/yonghun/Library/Java/JavaVirtualMachines/azul-15.0.7/Contents/Home/lib/libverify.dylib
0x00000001009f7000 	/Users/yonghun/.gradle/native/fdc75f09e3144964f2cf3f50f0aa648679c211496f362492102eb8c894070792/osx-amd64/libnative-platform.dylib
0x0000000108c63000 	/Users/yonghun/.gradle/native/12488b8bf47d2d4c9fbf2f6322a914ad602e24e48041cd04a747c6da556b65c4/osx-amd64/libnative-platform-file-events.dylib
0x0000000108cd0000 	/Users/yonghun/Library/Java/JavaVirtualMachines/azul-15.0.7/Contents/Home/lib/libmanagement.dylib
0x0000000108cda000 	/Users/yonghun/Library/Java/JavaVirtualMachines/azul-15.0.7/Contents/Home/lib/libmanagement_ext.dylib
0x0000000108ce5000 	/Users/yonghun/Library/Java/JavaVirtualMachines/azul-15.0.7/Contents/Home/lib/libextnet.dylib


VM Arguments:
jvm_args: --add-opens=java.base/java.util=ALL-UNNAMED --add-opens=java.base/java.lang=ALL-UNNAMED --add-opens=java.base/java.lang.invoke=ALL-UNNAMED --add-opens=java.prefs/java.util.prefs=ALL-UNNAMED -Dfile.encoding=UTF-8 -Duser.country=KR -Duser.language=ko -Duser.variant 
java_command: org.gradle.launcher.daemon.bootstrap.GradleDaemon 6.8.1
java_class_path (initial): /Users/yonghun/.gradle/wrapper/dists/gradle-6.8.1-bin/292llow5buzp6wg9rco3vjhoc/gradle-6.8.1/lib/gradle-launcher-6.8.1.jar
Launcher Type: SUN_STANDARD

[Global flags]
     intx CICompilerCount                          = 4                                         {product} {ergonomic}
     uint ConcGCThreads                            = 3                                         {product} {ergonomic}
     uint G1ConcRefinementThreads                  = 10                                        {product} {ergonomic}
   size_t G1HeapRegionSize                         = 2097152                                   {product} {ergonomic}
    uintx GCDrainStackTargetSize                   = 64                                        {product} {ergonomic}
   size_t InitialHeapSize                          = 268435456                                 {product} {ergonomic}
   size_t MarkStackSize                            = 4194304                                   {product} {ergonomic}
   size_t MaxHeapSize                              = 4294967296                                {product} {ergonomic}
   size_t MaxNewSize                               = 2575302656                                {product} {ergonomic}
   size_t MinHeapDeltaBytes                        = 2097152                                   {product} {ergonomic}
   size_t MinHeapSize                              = 8388608                                   {product} {ergonomic}
    uintx NonNMethodCodeHeapSize                   = 5839372                                {pd product} {ergonomic}
    uintx NonProfiledCodeHeapSize                  = 122909434                              {pd product} {ergonomic}
    uintx ProfiledCodeHeapSize                     = 122909434                              {pd product} {ergonomic}
    uintx ReservedCodeCacheSize                    = 251658240                              {pd product} {ergonomic}
     bool SegmentedCodeCache                       = true                                      {product} {ergonomic}
   size_t SoftMaxHeapSize                          = 4294967296                             {manageable} {ergonomic}
     bool UseCompressedClassPointers               = true                                 {lp64_product} {ergonomic}
     bool UseCompressedOops                        = true                                 {lp64_product} {ergonomic}
     bool UseG1GC                                  = true                                      {product} {ergonomic}
     bool UseNUMA                                  = false                                     {product} {ergonomic}
     bool UseNUMAInterleaving                      = false                                     {product} {ergonomic}

Logging:
Log output configuration:
 #0: stdout all=warning uptime,level,tags
 #1: stderr all=off uptime,level,tags

Environment Variables:
PATH=/usr/local/bin:/usr/bin:/bin:/usr/sbin:/sbin
SHELL=/bin/zsh
LC_CTYPE=ko_KR.UTF-8

Signal Handlers:
SIGSEGV: [libjvm.dylib+0xa8e450], sa_mask[0]=11111111011111110111111111111111, sa_flags=SA_ONSTACK|SA_RESTART|SA_SIGINFO
SIGBUS: [libjvm.dylib+0xa8e450], sa_mask[0]=11111111011111110111111111111111, sa_flags=SA_RESTART|SA_SIGINFO
SIGFPE: [libjvm.dylib+0xa8e450], sa_mask[0]=11111111011111110111111111111111, sa_flags=SA_RESTART|SA_SIGINFO
SIGPIPE: [libjvm.dylib+0x8490d0], sa_mask[0]=11111111011111110111111111111111, sa_flags=SA_RESTART|SA_SIGINFO
SIGXFSZ: [libjvm.dylib+0x8490d0], sa_mask[0]=11111111011111110111111111111111, sa_flags=SA_RESTART|SA_SIGINFO
SIGILL: [libjvm.dylib+0xa8e450], sa_mask[0]=11111111011111110111111111111111, sa_flags=SA_RESTART|SA_SIGINFO
SIGUSR2: [libjvm.dylib+0x849be0], sa_mask[0]=00100000000000000000000000000000, sa_flags=SA_RESTART|SA_SIGINFO
SIGHUP: [libjvm.dylib+0x8482e0], sa_mask[0]=11111111011111110111111111111111, sa_flags=SA_RESTART|SA_SIGINFO
SIGINT: [libjvm.dylib+0x8482e0], sa_mask[0]=11111111011111110111111111111111, sa_flags=SA_RESTART|SA_SIGINFO
SIGTERM: [libjvm.dylib+0x8482e0], sa_mask[0]=11111111011111110111111111111111, sa_flags=SA_RESTART|SA_SIGINFO
SIGQUIT: [libjvm.dylib+0x8482e0], sa_mask[0]=11111111011111110111111111111111, sa_flags=SA_RESTART|SA_SIGINFO


---------------  S Y S T E M  ---------------

OS:uname: Darwin 19.6.0 Darwin Kernel Version 19.6.0: Thu Oct 29 22:56:45 PDT 2020; root:xnu-6153.141.2.2~1/RELEASE_X86_64 x86_64
OS uptime: 0 days 0:31 hours
rlimit (soft/hard): STACK 8192k/65532k , CORE 0k/infinity , NPROC 2784/4176 , NOFILE 10240/infinity , AS infinity/infinity , CPU infinity/infinity , DATA infinity/infinity , FSIZE infinity/infinity , MEMLOCK infinity/infinity , RSS infinity/infinity
load average: 2.48 2.26 2.12

CPU: total 12 (initial active 12) (6 cores per cpu, 2 threads per core) family 6 model 158 stepping 10 microcode 0xec, cmov, cx8, fxsr, mmx, sse, sse2, sse3, ssse3, sse4.1, sse4.2, popcnt, vzeroupper, avx, avx2, aes, clmul, erms, 3dnowpref, lzcnt, ht, tsc, tscinvbit, bmi1, bmi2, adx, fma, clflush, clflushopt

Memory: 4k page, physical 16777216k(1269836k free), swap 0k(0k free)

vm_info: OpenJDK 64-Bit Server VM (15.0.7+4-MTS) for bsd-amd64 JRE (15.0.7+4-MTS) (Zulu15.40+19-CA), built on Apr 16 2022 08:36:19 by "zulu_re" with clang 4.2.1 Compatible Apple LLVM 11.0.0 (clang-1100.0.33.17)

END.
