#
# A fatal error has been detected by the Java Runtime Environment:
#
#  SIGSEGV (0xb) at pc=0x000000010b05335f, pid=1178, tid=22787
#
# JRE version: OpenJDK Runtime Environment Zulu15.40+19-CA (15.0.7+4) (build 15.0.7+4-MTS)
# Java VM: OpenJDK 64-Bit Server VM Zulu15.40+19-CA (15.0.7+4-MTS, mixed mode, sharing, tiered, compressed oops, g1 gc, bsd-amd64)
# Problematic frame:
# V  [libjvm.dylib+0x25335f]  _ZN12PhaseChaitin8SimplifyEv+0xbf
#
# No core dump will be written. Core dumps have been disabled. To enable core dumping, try "ulimit -c unlimited" before starting Java again
#
# If you would like to submit a bug report, please visit:
#   http://www.azul.com/support/
#

---------------  S U M M A R Y ------------

Command Line: --add-opens=java.base/java.util=ALL-UNNAMED --add-opens=java.base/java.lang=ALL-UNNAMED --add-opens=java.base/java.lang.invoke=ALL-UNNAMED --add-opens=java.prefs/java.util.prefs=ALL-UNNAMED -Dfile.encoding=UTF-8 -Duser.country=KR -Duser.language=ko -Duser.variant org.gradle.launcher.daemon.bootstrap.GradleDaemon 6.8.1

Host: MacBookPro16,1 x86_64 2600 MHz, 12 cores, 16G, Darwin 19.6.0
Time: Tue May 10 01:04:06 2022 KST elapsed time: 2.629902 seconds (0d 0h 0m 2s)

---------------  T H R E A D  ---------------

Current thread (0x00007fa259852c00):  JavaThread "C2 CompilerThread0" daemon [_thread_in_native, id=22787, stack(0x0000700006b80000,0x0000700006c80000)]


Current CompileTask:
C2:   2629 3292       4       org.gradle.internal.service.DefaultServiceRegistry$OwnServices::getService (309 bytes)

Stack: [0x0000700006b80000,0x0000700006c80000],  sp=0x0000700006c7c9d0,  free space=1010k
Native frames: (J=compiled Java code, A=aot compiled Java code, j=interpreted, Vv=VM code, C=native code)
V  [libjvm.dylib+0x25335f]  _ZN12PhaseChaitin8SimplifyEv+0xbf
V  [libjvm.dylib+0x25181f]  _ZN12PhaseChaitin17Register_AllocateEv+0x75f
V  [libjvm.dylib+0x2cd81d]  _ZN7Compile8Code_GenEv+0x4dd
V  [libjvm.dylib+0x2c9d48]  _ZN7CompileC2EP5ciEnvP8ciMethodibbbP12DirectiveSet+0xf08
V  [libjvm.dylib+0x234667]  _ZN10C2Compiler14compile_methodEP5ciEnvP8ciMethodiP12DirectiveSet+0xb7
V  [libjvm.dylib+0x2ddc9e]  _ZN13CompileBroker25invoke_compiler_on_methodEP11CompileTask+0x83e
V  [libjvm.dylib+0x2dd332]  _ZN13CompileBroker20compiler_thread_loopEv+0x4c2
V  [libjvm.dylib+0xa27082]  _ZN10JavaThread17thread_main_innerEv+0xb2
V  [libjvm.dylib+0xa241a1]  _ZN6Thread8call_runEv+0x71
V  [libjvm.dylib+0x846c17]  _ZL19thread_native_entryP6Thread+0x187
C  [libsystem_pthread.dylib+0x6109]  _pthread_start+0x94
C  [libsystem_pthread.dylib+0x1b8b]  thread_start+0xf


siginfo: si_signo: 11 (SIGSEGV), si_code: 1 (SEGV_MAPERR), si_addr: 0x00007fa266384cd0

Register to memory mapping:

RAX=0x0000700006c7cc48 is pointing into the stack for thread: 0x00007fa259852c00
RBX=0x0000000000042507 is an unknown value
RCX=0x00007fa263800010 points into unknown readable memory: 0x0000000000000000 | 00 00 00 00 00 00 00 00
RDX=0x0000000002b84c98 is an unknown value
RSP=0x0000700006c7c9d0 is pointing into the stack for thread: 0x00007fa259852c00
RBP=0x0000700006c7ca80 is pointing into the stack for thread: 0x00007fa259852c00
RSI=0x00000000000007f1 is an unknown value
RDI=0x0000700006c7cc48 is pointing into the stack for thread: 0x00007fa259852c00
R8 =0x0 is NULL
R9 =0x00000000000007f1 is an unknown value
R10=0x0000000000020000 is an unknown value
R11=0x00000000ffffffdf is an unknown value
R12=0x0000700006c7cca8 is pointing into the stack for thread: 0x00007fa259852c00
R13=0x0000700006c7e3d0 is pointing into the stack for thread: 0x00007fa259852c00
R14=0x0000700006c7ca30 is pointing into the stack for thread: 0x00007fa259852c00
R15=0x0000700006c7e3d0 is pointing into the stack for thread: 0x00007fa259852c00


Registers:
RAX=0x0000700006c7cc48, RBX=0x0000000000042507, RCX=0x00007fa263800010, RDX=0x0000000002b84c98
RSP=0x0000700006c7c9d0, RBP=0x0000700006c7ca80, RSI=0x00000000000007f1, RDI=0x0000700006c7cc48
R8 =0x0000000000000000, R9 =0x00000000000007f1, R10=0x0000000000020000, R11=0x00000000ffffffdf
R12=0x0000700006c7cca8, R13=0x0000700006c7e3d0, R14=0x0000700006c7ca30, R15=0x0000700006c7e3d0
RIP=0x000000010b05335f, EFLAGS=0x0000000000010202, ERR=0x0000000000000004
  TRAPNO=0x000000000000000e

Top of Stack: (sp=0x0000700006c7c9d0)
0x0000700006c7c9d0:   00007fa259e99168 0000700006c70000
0x0000700006c7c9e0:   0000000000000000 0000700006c7cca8
0x0000700006c7c9f0:   0000700006c7e300 00000000002530e0
0x0000700006c7ca00:   000000010b90db59 0000000000000000
0x0000700006c7ca10:   0000000000000000 0000000000000000
0x0000700006c7ca20:   000000010b90db59 000000010b0ac900
0x0000700006c7ca30:   0000250700000000 0000002600000001
0x0000700006c7ca40:   0000000000000038 00007fa262ac5560
0x0000700006c7ca50:   00007fa25b5ec8d8 00007fa261dd6f30
0x0000700006c7ca60:   0000700006c7cb00 0000000000000d61
0x0000700006c7ca70:   0000700006c7cbc0 00007fa2625b2a70
0x0000700006c7ca80:   0000700006c7cd10 000000010b05181f
0x0000700006c7ca90:   0000000000000000 000000000000000a
0x0000700006c7caa0:   0000700006c7f268 00007fa2618e9010
0x0000700006c7cab0:   0000000000000000 00007fa26187a010
0x0000700006c7cac0:   00007fa258f7f410 00007fa258f83d48
0x0000700006c7cad0:   00007fa25cda4698 0000700006c7e550
0x0000700006c7cae0:   0000700006c7e4d8 00000000000038ad
0x0000700006c7caf0:   0000700006c7cca8 0000000000000000
0x0000700006c7cb00:   000000010ba40c88 000000000000000d
0x0000700006c7cb10:   0000700006c7f268 0000700006c7e3d0
0x0000700006c7cb20:   0000000000000000 00007fa2628cabd0
0x0000700006c7cb30:   0000000000000000 0000700006c7f268
0x0000700006c7cb40:   0000000000000000 000000010b90da30
0x0000700006c7cb50:   0000700006c7cb00 000000010b642645
0x0000700006c7cb60:   000000000000e450 00007fa25df39000
0x0000700006c7cb70:   0000000000000000 000000010ba85548
0x0000700006c7cb80:   0000700006c7cba0 000000010b82f223
0x0000700006c7cb90:   00007fa25b20b2d0 000000010b82f2e5
0x0000700006c7cba0:   0000700006c7cc00 000000010af1c931
0x0000700006c7cbb0:   00007fa200000039 00007fa25851e760
0x0000700006c7cbc0:   000000010ba40000 0000000000000000 

Instructions: (pc=0x000000010b05335f)
0x000000010b05325f:   28 45 89 9e bc 00 00 00 49 ff c3 41 8b 86 e0 00
0x000000010b05326f:   00 00 49 ff c2 49 39 c3 0f 82 e3 fe ff ff 48 8d
0x000000010b05327f:   7d 90 e8 3a 80 07 00 48 83 c4 58 5b 41 5e 41 5f
0x000000010b05328f:   5d c3 66 2e 0f 1f 84 00 00 00 00 00 0f 1f 44 00
0x000000010b05329f:   00 55 48 89 e5 41 57 41 56 53 48 81 ec 98 00 00
0x000000010b0532af:   00 49 89 ff ba 60 03 00 00 48 03 15 81 9e 96 00
0x000000010b0532bf:   48 8d 35 93 a8 8b 00 48 8d bd 58 ff ff ff e8 5e
0x000000010b0532cf:   7c 07 00 4c 8d 75 b0 eb 38 49 8b 48 20 48 69 fb
0x000000010b0532df:   a8 00 00 00 89 74 39 2c 49 8b 4f 70 48 8b 49 20
0x000000010b0532ef:   66 81 8c 01 a0 00 00 00 00 20 45 89 9f b8 00 00
0x000000010b0532ff:   00 c7 02 00 00 00 00 66 2e 0f 1f 84 00 00 00 00
0x000000010b05330f:   00 41 8b 9f b8 00 00 00 48 85 db 74 24 49 8b 47
0x000000010b05331f:   70 48 8b 48 20 48 69 d3 a8 00 00 00 8b 4c 11 28
0x000000010b05332f:   41 89 8f b8 00 00 00 eb 32 0f 1f 84 00 00 00 00
0x000000010b05333f:   00 41 8b 9f bc 00 00 00 48 85 db 0f 84 36 02 00
0x000000010b05334f:   00 49 8b 47 70 48 8b 48 20 48 69 d3 a8 00 00 00
0x000000010b05335f:   8b 4c 11 28 41 89 8f bc 00 00 00 41 8b 8f c4 00
0x000000010b05336f:   00 00 48 8b 40 20 48 69 d3 a8 00 00 00 89 4c 10
0x000000010b05337f:   28 41 89 9f c4 00 00 00 49 8b 7f 70 48 8b 47 20
0x000000010b05338f:   f6 84 10 a1 00 00 00 20 0f 84 c1 00 00 00 48 8b
0x000000010b05339f:   4f 10 48 8d 14 9b 48 c1 e2 05 83 3c 11 00 0f 84
0x000000010b0533af:   ab 00 00 00 48 8d 34 11 66 0f 28 05 a1 6c 93 00
0x000000010b0533bf:   66 0f 29 45 b0 31 c0 83 3c 11 00 bf 00 00 00 00
0x000000010b0533cf:   74 04 8b 7c 11 04 89 7d c0 48 c7 45 c8 00 00 00
0x000000010b0533df:   00 48 8b 4c 11 08 48 89 4d d0 48 89 75 d8 85 c0
0x000000010b0533ef:   75 2b eb 4d 66 2e 0f 1f 84 00 00 00 00 00 0f 1f
0x000000010b0533ff:   00 49 8b 4f 70 48 8b 49 20 89 c0 48 69 c0 a8 00
0x000000010b05340f:   00 00 89 5c 01 20 8b 45 b0 85 c0 74 24 89 c1 48
0x000000010b05341f:   0f bc c9 d3 e8 ff c8 89 45 b0 8b 45 b4 01 c8 89
0x000000010b05342f:   45 b4 85 c0 75 cb eb 23 66 0f 1f 84 00 00 00 00
0x000000010b05343f:   00 83 7d b8 08 72 08 8b 45 bc 3b 45 c0 73 0c 4c
0x000000010b05344f:   89 f7 e8 3a 6b 24 00 85 c0 75 a6 49 8b 7f 70 89 


Stack slot to memory mapping:
stack at sp + 0 slots: 0x00007fa259e99168 points into unknown readable memory: 0x000000010ba2c678 | 78 c6 a2 0b 01 00 00 00
stack at sp + 1 slots: 0x0000700006c70000 is pointing into the stack for thread: 0x00007fa259852c00
stack at sp + 2 slots: 0x0 is NULL
stack at sp + 3 slots: 0x0000700006c7cca8 is pointing into the stack for thread: 0x00007fa259852c00
stack at sp + 4 slots: 0x0000700006c7e300 is pointing into the stack for thread: 0x00007fa259852c00
stack at sp + 5 slots: 0x00000000002530e0 is an unknown value
stack at sp + 6 slots: 0x000000010b90db59: _ZN22SystemDictionaryShared25validate_before_archivingEP13InstanceKlass.cold.1+0x10f19 in /Users/yonghun/Library/Java/JavaVirtualMachines/azul-15.0.7/Contents/Home/lib/server/libjvm.dylib at 0x000000010ae00000
stack at sp + 7 slots: 0x0 is NULL


---------------  P R O C E S S  ---------------

Threads class SMR info:
_java_thread_list=0x00007fa261cbbff0, length=34, elements={
0x00007fa25a811000, 0x00007fa259808200, 0x00007fa25980d400, 0x00007fa25980fa00,
0x00007fa259810000, 0x00007fa259852c00, 0x00007fa25b0a8600, 0x00007fa259008e00,
0x00007fa25880d800, 0x00007fa25880c400, 0x00007fa25b0aa800, 0x00007fa25c852800,
0x00007fa25a915a00, 0x00007fa25a8b9e00, 0x00007fa25aa5d600, 0x00007fa25899aa00,
0x00007fa259cd7c00, 0x00007fa2596d9a00, 0x00007fa259ef8800, 0x00007fa25aa9e200,
0x00007fa25b254400, 0x00007fa259ef8e00, 0x00007fa25b354800, 0x00007fa25950f600,
0x00007fa25aaa0400, 0x00007fa25899a400, 0x00007fa25963fa00, 0x00007fa258a1ac00,
0x00007fa26281e600, 0x00007fa26281d000, 0x00007fa259441400, 0x00007fa25acce600,
0x00007fa25aa5e200, 0x00007fa264064e00
}

Java Threads: ( => current thread )
  0x00007fa25a811000 JavaThread "main" [_thread_blocked, id=9987, stack(0x0000700005f59000,0x0000700006059000)]
  0x00007fa259808200 JavaThread "Reference Handler" daemon [_thread_blocked, id=18179, stack(0x000070000666e000,0x000070000676e000)]
  0x00007fa25980d400 JavaThread "Finalizer" daemon [_thread_blocked, id=15619, stack(0x0000700006771000,0x0000700006871000)]
  0x00007fa25980fa00 JavaThread "Signal Dispatcher" daemon [_thread_blocked, id=22275, stack(0x000070000697a000,0x0000700006a7a000)]
  0x00007fa259810000 JavaThread "Service Thread" daemon [_thread_blocked, id=22531, stack(0x0000700006a7d000,0x0000700006b7d000)]
=>0x00007fa259852c00 JavaThread "C2 CompilerThread0" daemon [_thread_in_native, id=22787, stack(0x0000700006b80000,0x0000700006c80000)]
  0x00007fa25b0a8600 JavaThread "C1 CompilerThread0" daemon [_thread_blocked, id=23555, stack(0x0000700006c83000,0x0000700006d83000)]
  0x00007fa259008e00 JavaThread "Sweeper thread" daemon [_thread_blocked, id=39683, stack(0x0000700006d86000,0x0000700006e86000)]
  0x00007fa25880d800 JavaThread "Common-Cleaner" daemon [_thread_blocked, id=39171, stack(0x0000700006e89000,0x0000700006f89000)]
  0x00007fa25880c400 JavaThread "Notification Thread" daemon [_thread_blocked, id=25091, stack(0x0000700006f8c000,0x000070000708c000)]
  0x00007fa25b0aa800 JavaThread "C2 CompilerThread1" daemon [_thread_in_native, id=38659, stack(0x0000700007192000,0x0000700007292000)]
  0x00007fa25c852800 JavaThread "C2 CompilerThread2" daemon [_thread_in_native, id=27139, stack(0x0000700007295000,0x0000700007395000)]
  0x00007fa25a915a00 JavaThread "Daemon health stats" [_thread_blocked, id=28931, stack(0x00007000078a7000,0x00007000079a7000)]
  0x00007fa25a8b9e00 JavaThread "Incoming local TCP Connector on port 50993" [_thread_in_native, id=35843, stack(0x00007000079aa000,0x0000700007aaa000)]
  0x00007fa25aa5d600 JavaThread "Daemon periodic checks" [_thread_blocked, id=35075, stack(0x0000700007aad000,0x0000700007bad000)]
  0x00007fa25899aa00 JavaThread "Daemon" [_thread_blocked, id=34307, stack(0x0000700007bb0000,0x0000700007cb0000)]
  0x00007fa259cd7c00 JavaThread "Handler for socket connection from /127.0.0.1:50993 to /127.0.0.1:50994" [_thread_in_native, id=33795, stack(0x0000700007cb3000,0x0000700007db3000)]
  0x00007fa2596d9a00 JavaThread "Cancel handler" [_thread_blocked, id=33283, stack(0x0000700007db6000,0x0000700007eb6000)]
  0x00007fa259ef8800 JavaThread "Daemon worker" [_thread_in_Java, id=31491, stack(0x0000700007eb9000,0x0000700007fb9000)]
  0x00007fa25aa9e200 JavaThread "Asynchronous log dispatcher for DefaultDaemonConnection: socket connection from /127.0.0.1:50993 to /127.0.0.1:50994" [_thread_blocked, id=32259, stack(0x0000700007fbc000,0x00007000080bc000)]
  0x00007fa25b254400 JavaThread "Stdin handler" [_thread_blocked, id=86787, stack(0x00007000080bf000,0x00007000081bf000)]
  0x00007fa259ef8e00 JavaThread "Daemon client event forwarder" [_thread_blocked, id=44547, stack(0x00007000081c2000,0x00007000082c2000)]
  0x00007fa25b354800 JavaThread "Cache worker for file hash cache (/Users/yonghun/.gradle/caches/6.8.1/fileHashes)" [_thread_blocked, id=44803, stack(0x00007000082c5000,0x00007000083c5000)]
  0x00007fa25950f600 JavaThread "File lock request listener" [_thread_in_native, id=45827, stack(0x00007000083c8000,0x00007000084c8000)]
  0x00007fa25aaa0400 JavaThread "Cache worker for journal cache (/Users/yonghun/.gradle/caches/journal-1)" [_thread_blocked, id=85507, stack(0x00007000084cb000,0x00007000085cb000)]
  0x00007fa25899a400 JavaThread "Cache worker for file hash cache (/Users/yonghun/study/java-lotto/.gradle/6.8.1/fileHashes)" [_thread_blocked, id=84995, stack(0x00007000085ce000,0x00007000086ce000)]
  0x00007fa25963fa00 JavaThread "Cache worker for checksums cache (/Users/yonghun/study/java-lotto/.gradle/checksums)" [_thread_blocked, id=47619, stack(0x00007000086d1000,0x00007000087d1000)]
  0x00007fa258a1ac00 JavaThread "Cache worker for cache directory md-supplier (/Users/yonghun/.gradle/caches/6.8.1/md-supplier)" [_thread_blocked, id=47875, stack(0x00007000087d4000,0x00007000088d4000)]
  0x00007fa26281e600 JavaThread "Cache worker for cache directory md-rule (/Users/yonghun/.gradle/caches/6.8.1/md-rule)" [_thread_blocked, id=83459, stack(0x00007000088d7000,0x00007000089d7000)]
  0x00007fa26281d000 JavaThread "Cache worker for execution history cache (/Users/yonghun/.gradle/caches/6.8.1/executionHistory)" [_thread_blocked, id=82691, stack(0x00007000089da000,0x0000700008ada000)]
  0x00007fa259441400 JavaThread "jar transforms" [_thread_blocked, id=81155, stack(0x00007000090ef000,0x00007000091ef000)]
  0x00007fa25acce600 JavaThread "Cache worker for file content cache (/Users/yonghun/.gradle/caches/6.8.1/fileContent)" [_thread_blocked, id=51971, stack(0x00007000091f2000,0x00007000092f2000)]
  0x00007fa25aa5e200 JavaThread "Cache worker for Build Output Cleanup Cache (/Users/yonghun/study/java-lotto/.gradle/buildOutputCleanup)" [_thread_blocked, id=52483, stack(0x00007000092f5000,0x00007000093f5000)]
  0x00007fa264064e00 JavaThread "Memory manager" [_thread_blocked, id=52995, stack(0x00007000093f8000,0x00007000094f8000)]

Other Threads:
  0x00007fa25a122b00 VMThread "VM Thread" [stack: 0x000070000656b000,0x000070000666b000] [id=14595]
  0x00007fa25a1287a0 WatcherThread [stack: 0x000070000708f000,0x000070000718f000] [id=25603]
  0x00007fa25861d360 GCTaskThread "GC Thread#0" [stack: 0x000070000605c000,0x000070000615c000] [id=12803]
  0x00007fa258567940 GCTaskThread "GC Thread#1" [stack: 0x0000700007398000,0x0000700007498000] [id=38147]
  0x00007fa258568540 GCTaskThread "GC Thread#2" [stack: 0x000070000749b000,0x000070000759b000] [id=37891]
  0x00007fa258569170 GCTaskThread "GC Thread#3" [stack: 0x000070000759e000,0x000070000769e000] [id=27907]
  0x00007fa258781da0 GCTaskThread "GC Thread#4" [stack: 0x00007000076a1000,0x00007000077a1000] [id=28163]
  0x00007fa2587827d0 GCTaskThread "GC Thread#5" [stack: 0x00007000077a4000,0x00007000078a4000] [id=28419]
  0x00007fa25de95150 GCTaskThread "GC Thread#6" [stack: 0x0000700008add000,0x0000700008bdd000] [id=49155]
  0x00007fa25de95d50 GCTaskThread "GC Thread#7" [stack: 0x0000700008be0000,0x0000700008ce0000] [id=49667]
  0x00007fa25de96950 GCTaskThread "GC Thread#8" [stack: 0x0000700008ce3000,0x0000700008de3000] [id=50179]
  0x00007fa262557230 GCTaskThread "GC Thread#9" [stack: 0x0000700008de6000,0x0000700008ee6000] [id=82179]
  0x00007fa25a104e70 ConcurrentGCThread "G1 Main Marker" [stack: 0x000070000615f000,0x000070000625f000] [id=19715]
  0x00007fa25a105f30 ConcurrentGCThread "G1 Conc#0" [stack: 0x0000700006262000,0x0000700006362000] [id=13059]
  0x00007fa25dc61810 ConcurrentGCThread "G1 Conc#1" [stack: 0x0000700008ee9000,0x0000700008fe9000] [id=81923]
  0x00007fa25d305cf0 ConcurrentGCThread "G1 Conc#2" [stack: 0x0000700008fec000,0x00007000090ec000] [id=50947]
  0x00007fa258511b40 ConcurrentGCThread "G1 Refine#0" [stack: 0x0000700006365000,0x0000700006465000] [id=13827]
  0x00007fa25a116800 ConcurrentGCThread "G1 Young RemSet Sampling" [stack: 0x0000700006468000,0x0000700006568000] [id=14083]

Threads with active compile tasks:
C2 CompilerThread0     2639 3292       4       org.gradle.internal.service.DefaultServiceRegistry$OwnServices::getService (309 bytes)
C1 CompilerThread0     2639 3589       3       sun.reflect.generics.tree.Wildcard::accept (8 bytes)
C2 CompilerThread1     2639 3532       4       jdk.internal.org.objectweb.asm.Frame::execute (2305 bytes)
C2 CompilerThread2     2639 3545       4       org.objectweb.asm.SymbolTable::addConstantMemberReference (147 bytes)

VM state: not at safepoint (normal execution)

VM Mutex/Monitor currently owned by a thread: None

Heap address: 0x0000000700000000, size: 4096 MB, Compressed Oops mode: Zero based, Oop shift amount: 3
CDS archive(s) mapped at: [0x0000000800000000-0x0000000800b30000-0x0000000800b30000), size 11730944, SharedBaseAddress: 0x0000000800000000, ArchiveRelocationMode: 0.
Compressed class space mapped at: 0x0000000800b30000-0x0000000840b30000, size: 1073741824
Narrow klass base: 0x0000000800000000, Narrow klass shift: 3, Narrow klass range: 0x100000000

GC Precious Log:
 CPUs: 12 total, 12 available
 Memory: 16384M
 Large Page Support: Disabled
 NUMA Support: Disabled
 Compressed Oops: Enabled (Zero based)
 Heap Region Size: 2M
 Heap Min Capacity: 8M
 Heap Initial Capacity: 256M
 Heap Max Capacity: 4G
 Pre-touch: Disabled
 Parallel Workers: 10
 Concurrent Workers: 3
 Concurrent Refinement Workers: 10
 Periodic GC: Disabled

Heap:
 garbage-first heap   total 108544K, used 48540K [0x0000000700000000, 0x0000000800000000)
  region size 2048K, 13 young (26624K), 2 survivors (4096K)
 Metaspace       used 36165K, capacity 36898K, committed 37120K, reserved 1081344K
  class space    used 4973K, capacity 5201K, committed 5248K, reserved 1048576K

Heap Regions: E=young(eden), S=young(survivor), O=old, HS=humongous(starts), HC=humongous(continues), CS=collection set, F=free, OA=open archive, CA=closed archive, TAMS=top-at-mark-start (previous, next)
|   0|0x0000000700000000, 0x0000000700200000, 0x0000000700200000|100%| O|  |TAMS 0x0000000700200000, 0x0000000700000000| Untracked 
|   1|0x0000000700200000, 0x00000007003d9800, 0x0000000700400000| 92%| O|  |TAMS 0x00000007003d9800, 0x0000000700200000| Untracked 
|   2|0x0000000700400000, 0x0000000700600000, 0x0000000700600000|100%|HS|  |TAMS 0x0000000700600000, 0x0000000700400000| Complete 
|   3|0x0000000700600000, 0x0000000700800000, 0x0000000700800000|100%|HC|  |TAMS 0x0000000700800000, 0x0000000700600000| Complete 
|   4|0x0000000700800000, 0x0000000700a00000, 0x0000000700a00000|100%| O|  |TAMS 0x0000000700a00000, 0x0000000700800000| Untracked 
|   5|0x0000000700a00000, 0x0000000700c00000, 0x0000000700c00000|100%| O|  |TAMS 0x0000000700c00000, 0x0000000700a00000| Untracked 
|   6|0x0000000700c00000, 0x0000000700e00000, 0x0000000700e00000|100%| O|  |TAMS 0x0000000700e00000, 0x0000000700c00000| Untracked 
|   7|0x0000000700e00000, 0x0000000701000000, 0x0000000701000000|100%| O|  |TAMS 0x0000000701000000, 0x0000000700e00000| Untracked 
|   8|0x0000000701000000, 0x0000000701200000, 0x0000000701200000|100%| O|  |TAMS 0x0000000701200000, 0x0000000701000000| Untracked 
|   9|0x0000000701200000, 0x0000000701400000, 0x0000000701400000|100%| O|  |TAMS 0x0000000701400000, 0x0000000701200000| Untracked 
|  10|0x0000000701400000, 0x0000000701600000, 0x0000000701600000|100%| O|  |TAMS 0x0000000701600000, 0x0000000701400000| Untracked 
|  11|0x0000000701600000, 0x0000000701714200, 0x0000000701800000| 53%| O|  |TAMS 0x0000000701714200, 0x0000000701600000| Untracked 
|  12|0x0000000701800000, 0x0000000701800000, 0x0000000701a00000|  0%| F|  |TAMS 0x0000000701800000, 0x0000000701800000| Untracked 
|  13|0x0000000701a00000, 0x0000000701a00000, 0x0000000701c00000|  0%| F|  |TAMS 0x0000000701a00000, 0x0000000701a00000| Untracked 
|  14|0x0000000701c00000, 0x0000000701c00000, 0x0000000701e00000|  0%| F|  |TAMS 0x0000000701c00000, 0x0000000701c00000| Untracked 
|  15|0x0000000701e00000, 0x0000000701e00000, 0x0000000702000000|  0%| F|  |TAMS 0x0000000701e00000, 0x0000000701e00000| Untracked 
|  16|0x0000000702000000, 0x0000000702000000, 0x0000000702200000|  0%| F|  |TAMS 0x0000000702000000, 0x0000000702000000| Untracked 
|  17|0x0000000702200000, 0x0000000702200000, 0x0000000702400000|  0%| F|  |TAMS 0x0000000702200000, 0x0000000702200000| Untracked 
|  18|0x0000000702400000, 0x0000000702400000, 0x0000000702600000|  0%| F|  |TAMS 0x0000000702400000, 0x0000000702400000| Untracked 
|  19|0x0000000702600000, 0x0000000702600000, 0x0000000702800000|  0%| F|  |TAMS 0x0000000702600000, 0x0000000702600000| Untracked 
|  20|0x0000000702800000, 0x0000000702800000, 0x0000000702a00000|  0%| F|  |TAMS 0x0000000702800000, 0x0000000702800000| Untracked 
|  21|0x0000000702a00000, 0x0000000702a00000, 0x0000000702c00000|  0%| F|  |TAMS 0x0000000702a00000, 0x0000000702a00000| Untracked 
|  22|0x0000000702c00000, 0x0000000702c00000, 0x0000000702e00000|  0%| F|  |TAMS 0x0000000702c00000, 0x0000000702c00000| Untracked 
|  23|0x0000000702e00000, 0x0000000702e00000, 0x0000000703000000|  0%| F|  |TAMS 0x0000000702e00000, 0x0000000702e00000| Untracked 
|  24|0x0000000703000000, 0x0000000703000000, 0x0000000703200000|  0%| F|  |TAMS 0x0000000703000000, 0x0000000703000000| Untracked 
|  25|0x0000000703200000, 0x0000000703200000, 0x0000000703400000|  0%| F|  |TAMS 0x0000000703200000, 0x0000000703200000| Untracked 
|  26|0x0000000703400000, 0x0000000703400000, 0x0000000703600000|  0%| F|  |TAMS 0x0000000703400000, 0x0000000703400000| Untracked 
|  27|0x0000000703600000, 0x0000000703600000, 0x0000000703800000|  0%| F|  |TAMS 0x0000000703600000, 0x0000000703600000| Untracked 
|  28|0x0000000703800000, 0x0000000703800000, 0x0000000703a00000|  0%| F|  |TAMS 0x0000000703800000, 0x0000000703800000| Untracked 
|  29|0x0000000703a00000, 0x0000000703a00000, 0x0000000703c00000|  0%| F|  |TAMS 0x0000000703a00000, 0x0000000703a00000| Untracked 
|  30|0x0000000703c00000, 0x0000000703c00000, 0x0000000703e00000|  0%| F|  |TAMS 0x0000000703c00000, 0x0000000703c00000| Untracked 
|  31|0x0000000703e00000, 0x0000000703e00000, 0x0000000704000000|  0%| F|  |TAMS 0x0000000703e00000, 0x0000000703e00000| Untracked 
|  32|0x0000000704000000, 0x0000000704000000, 0x0000000704200000|  0%| F|  |TAMS 0x0000000704000000, 0x0000000704000000| Untracked 
|  33|0x0000000704200000, 0x0000000704200000, 0x0000000704400000|  0%| F|  |TAMS 0x0000000704200000, 0x0000000704200000| Untracked 
|  34|0x0000000704400000, 0x0000000704400000, 0x0000000704600000|  0%| F|  |TAMS 0x0000000704400000, 0x0000000704400000| Untracked 
|  35|0x0000000704600000, 0x0000000704600000, 0x0000000704800000|  0%| F|  |TAMS 0x0000000704600000, 0x0000000704600000| Untracked 
|  36|0x0000000704800000, 0x0000000704800000, 0x0000000704a00000|  0%| F|  |TAMS 0x0000000704800000, 0x0000000704800000| Untracked 
|  37|0x0000000704a00000, 0x0000000704a00000, 0x0000000704c00000|  0%| F|  |TAMS 0x0000000704a00000, 0x0000000704a00000| Untracked 
|  38|0x0000000704c00000, 0x0000000704cc8fd8, 0x0000000704e00000| 39%| E|  |TAMS 0x0000000704c00000, 0x0000000704c00000| Complete 
|  39|0x0000000704e00000, 0x0000000705000000, 0x0000000705000000|100%| E|CS|TAMS 0x0000000704e00000, 0x0000000704e00000| Complete 
|  40|0x0000000705000000, 0x0000000705200000, 0x0000000705200000|100%| E|CS|TAMS 0x0000000705000000, 0x0000000705000000| Complete 
|  41|0x0000000705200000, 0x0000000705400000, 0x0000000705400000|100%| E|CS|TAMS 0x0000000705200000, 0x0000000705200000| Complete 
|  42|0x0000000705400000, 0x0000000705600000, 0x0000000705600000|100%| E|CS|TAMS 0x0000000705400000, 0x0000000705400000| Complete 
|  43|0x0000000705600000, 0x0000000705800000, 0x0000000705800000|100%| E|CS|TAMS 0x0000000705600000, 0x0000000705600000| Complete 
|  44|0x0000000705800000, 0x00000007058af9c8, 0x0000000705a00000| 34%| S|CS|TAMS 0x0000000705800000, 0x0000000705800000| Complete 
|  76|0x0000000709800000, 0x0000000709a00000, 0x0000000709a00000|100%| S|CS|TAMS 0x0000000709800000, 0x0000000709800000| Complete 
|  77|0x0000000709a00000, 0x0000000709c00000, 0x0000000709c00000|100%| E|CS|TAMS 0x0000000709a00000, 0x0000000709a00000| Complete 
|  78|0x0000000709c00000, 0x0000000709e00000, 0x0000000709e00000|100%| E|CS|TAMS 0x0000000709c00000, 0x0000000709c00000| Complete 
|  79|0x0000000709e00000, 0x000000070a000000, 0x000000070a000000|100%| E|CS|TAMS 0x0000000709e00000, 0x0000000709e00000| Complete 
|  80|0x000000070a000000, 0x000000070a200000, 0x000000070a200000|100%| E|CS|TAMS 0x000000070a000000, 0x000000070a000000| Complete 
| 127|0x000000070fe00000, 0x0000000710000000, 0x0000000710000000|100%| E|CS|TAMS 0x000000070fe00000, 0x000000070fe00000| Complete 
|1534|0x00000007bfc00000, 0x00000007bfd51000, 0x00000007bfe00000| 65%|OA|  |TAMS 0x00000007bfd51000, 0x00000007bfc00000| Untracked 
|1535|0x00000007bfe00000, 0x00000007bfe79000, 0x00000007c0000000| 23%|CA|  |TAMS 0x00000007bfe79000, 0x00000007bfe00000| Untracked 

Card table byte_map: [0x000000010c8fa000,0x000000010d0fa000] _byte_map_base: 0x00000001090fa000

Marking Bits (Prev, Next): (CMBitMap*) 0x00007fa25b008210, (CMBitMap*) 0x00007fa25b008250
 Prev Bits: [0x0000000125403000, 0x0000000129403000)
 Next Bits: [0x0000000129403000, 0x000000012d403000)

Polling page: 0x00000001095e6000

Metaspace:

Usage:
  Non-class:     30.95 MB capacity,    30.47 MB ( 98%) used,   447.02 KB (  1%) free+waste,    53.56 KB ( <1%) overhead. 
      Class:      5.08 MB capacity,     4.86 MB ( 96%) used,   204.70 KB (  4%) free+waste,    23.25 KB ( <1%) overhead. 
       Both:     36.03 MB capacity,    35.32 MB ( 98%) used,   651.71 KB (  2%) free+waste,    76.81 KB ( <1%) overhead. 

Virtual space:
  Non-class space:       32.00 MB reserved,      31.12 MB ( 97%) committed 
      Class space:        1.00 GB reserved,       5.12 MB ( <1%) committed 
             Both:        1.03 GB reserved,      36.25 MB (  3%) committed 

Chunk freelists:
   Non-Class:  47.00 KB
       Class:  15.00 KB
        Both:  62.00 KB

MaxMetaspaceSize: 17179869184.00 GB
CompressedClassSpaceSize: 1.00 GB

CodeHeap 'non-profiled nmethods': size=120028Kb used=2045Kb max_used=2045Kb free=117982Kb
 bounds [0x000000011d6cc000, 0x000000011d93c000, 0x0000000124c03000]
CodeHeap 'profiled nmethods': size=120028Kb used=7392Kb max_used=7392Kb free=112635Kb
 bounds [0x0000000116195000, 0x00000001168d5000, 0x000000011d6cc000]
CodeHeap 'non-nmethods': size=5704Kb used=2284Kb max_used=2384Kb free=3419Kb
 bounds [0x0000000115c03000, 0x0000000115e73000, 0x0000000116195000]
 total_blobs=4335 nmethods=3575 adapters=673
 compilation: enabled
              stopped_count=0, restarted_count=0
 full_count=0

Compilation events (20 events):
Event: 2.609 Thread 0x00007fa25b0a8600 3564       3       com.google.common.collect.AbstractSetMultimap::wrapCollection (14 bytes)
Event: 2.609 Thread 0x00007fa25b0a8600 nmethod 3564 0x00000001168a7610 code [0x00000001168a77c0, 0x00000001168a7a80]
Event: 2.609 Thread 0x00007fa25b0a8600 3565       3       com.google.common.collect.AbstractMapBasedMultimap$WrappedSet::<init> (14 bytes)
Event: 2.609 Thread 0x00007fa25b0a8600 nmethod 3565 0x00000001168a7b90 code [0x00000001168a7d20, 0x00000001168a7ec0]
Event: 2.612 Thread 0x00007fa25b0a8600 3566 %     3       org.gradle.internal.instantiation.generator.AbstractClassGenerator::inspectType @ 517 (560 bytes)
Event: 2.614 Thread 0x00007fa25b0a8600 nmethod 3566% 0x00000001168a7f90 code [0x00000001168a8780, 0x00000001168ae020]
Event: 2.614 Thread 0x00007fa25b0a8600 3567       3       jdk.internal.org.objectweb.asm.ClassWriter::visitEnd (1 bytes)
Event: 2.614 Thread 0x00007fa25b0a8600 nmethod 3567 0x00000001168af990 code [0x00000001168afb20, 0x00000001168afc10]
Event: 2.615 Thread 0x00007fa25b0a8600 3570       1       org.gradle.internal.instantiation.generator.AbstractClassGenerator$MethodMetadata::getGenericReturnType (5 bytes)
Event: 2.615 Thread 0x00007fa25b0a8600 nmethod 3570 0x000000011d8cac90 code [0x000000011d8cae20, 0x000000011d8caed0]
Event: 2.620 Thread 0x00007fa25b0a8600 3571 %     3       org.gradle.internal.instantiation.generator.AbstractClassGenerator::inspectType @ 107 (560 bytes)
Event: 2.623 Thread 0x00007fa25b0a8600 nmethod 3571% 0x00000001168afc90 code [0x00000001168b0480, 0x00000001168b5ea0]
Event: 2.623 Thread 0x00007fa25b0a8600 3573       3       org.gradle.api.internal.project.taskfactory.DefaultTaskClassInfoStore::createTaskAction (215 bytes)
Event: 2.626 Thread 0x00007fa25b0a8600 nmethod 3573 0x00000001168b7910 code [0x00000001168b7f00, 0x00000001168bb900]
Event: 2.626 Thread 0x00007fa25b0a8600 3572       1       org.gradle.internal.instantiation.generator.AbstractClassGenerator$PropertyMetadata::access$1200 (5 bytes)
Event: 2.627 Thread 0x00007fa25b0a8600 nmethod 3572 0x000000011d8caf90 code [0x000000011d8cb120, 0x000000011d8cb1b0]
Event: 2.628 Thread 0x00007fa25b0a8600 3577       3       jdk.internal.org.objectweb.asm.MethodVisitor::visitMaxs (17 bytes)
Event: 2.628 Thread 0x00007fa25b0a8600 nmethod 3577 0x00000001168bca10 code [0x00000001168bcba0, 0x00000001168bcda0]
Event: 2.628 Thread 0x00007fa25b0a8600 3578       3       jdk.internal.org.objectweb.asm.MethodVisitor::visitEnd (15 bytes)
Event: 2.628 Thread 0x00007fa25b0a8600 nmethod 3578 0x00000001168bce90 code [0x00000001168bd020, 0x00000001168bd220]

GC Heap History (12 events):
Event: 0.404 GC heap before
{Heap before GC invocations=0 (full 0):
 garbage-first heap   total 266240K, used 32552K [0x0000000700000000, 0x0000000800000000)
  region size 2048K, 11 young (22528K), 0 survivors (0K)
 Metaspace       used 3916K, capacity 6607K, committed 6912K, reserved 1056768K
  class space    used 503K, capacity 729K, committed 768K, reserved 1048576K
}
Event: 0.407 GC heap after
{Heap after GC invocations=1 (full 0):
 garbage-first heap   total 266240K, used 10925K [0x0000000700000000, 0x0000000800000000)
  region size 2048K, 2 young (4096K), 2 survivors (4096K)
 Metaspace       used 3916K, capacity 6607K, committed 6912K, reserved 1056768K
  class space    used 503K, capacity 729K, committed 768K, reserved 1048576K
}
Event: 0.573 GC heap before
{Heap before GC invocations=1 (full 0):
 garbage-first heap   total 266240K, used 35501K [0x0000000700000000, 0x0000000800000000)
  region size 2048K, 15 young (30720K), 2 survivors (4096K)
 Metaspace       used 4997K, capacity 7463K, committed 7680K, reserved 1056768K
  class space    used 682K, capacity 929K, committed 1024K, reserved 1048576K
}
Event: 0.576 GC heap after
{Heap after GC invocations=2 (full 0):
 garbage-first heap   total 266240K, used 16014K [0x0000000700000000, 0x0000000800000000)
  region size 2048K, 2 young (4096K), 2 survivors (4096K)
 Metaspace       used 4997K, capacity 7463K, committed 7680K, reserved 1056768K
  class space    used 682K, capacity 929K, committed 1024K, reserved 1048576K
}
Event: 1.555 GC heap before
{Heap before GC invocations=2 (full 0):
 garbage-first heap   total 266240K, used 106126K [0x0000000700000000, 0x0000000800000000)
  region size 2048K, 47 young (96256K), 2 survivors (4096K)
 Metaspace       used 20612K, capacity 21107K, committed 21248K, reserved 1067008K
  class space    used 3055K, capacity 3204K, committed 3328K, reserved 1048576K
}
Event: 1.561 GC heap after
{Heap after GC invocations=3 (full 0):
 garbage-first heap   total 266240K, used 20969K [0x0000000700000000, 0x0000000800000000)
  region size 2048K, 5 young (10240K), 5 survivors (10240K)
 Metaspace       used 20612K, capacity 21107K, committed 21248K, reserved 1067008K
  class space    used 3055K, capacity 3204K, committed 3328K, reserved 1048576K
}
Event: 2.045 GC heap before
{Heap before GC invocations=4 (full 0):
 garbage-first heap   total 90112K, used 66025K [0x0000000700000000, 0x0000000800000000)
  region size 2048K, 26 young (53248K), 5 survivors (10240K)
 Metaspace       used 29344K, capacity 29888K, committed 30080K, reserved 1075200K
  class space    used 3998K, capacity 4204K, committed 4224K, reserved 1048576K
}
Event: 2.052 GC heap after
{Heap after GC invocations=5 (full 0):
 garbage-first heap   total 90112K, used 25392K [0x0000000700000000, 0x0000000800000000)
  region size 2048K, 3 young (6144K), 3 survivors (6144K)
 Metaspace       used 29344K, capacity 29888K, committed 30080K, reserved 1075200K
  class space    used 3998K, capacity 4204K, committed 4224K, reserved 1048576K
}
Event: 2.374 GC heap before
{Heap before GC invocations=5 (full 0):
 garbage-first heap   total 90112K, used 56112K [0x0000000700000000, 0x0000000800000000)
  region size 2048K, 19 young (38912K), 3 survivors (6144K)
 Metaspace       used 33908K, capacity 34579K, committed 34816K, reserved 1079296K
  class space    used 4628K, capacity 4819K, committed 4864K, reserved 1048576K
}
Event: 2.379 GC heap after
{Heap after GC invocations=6 (full 0):
 garbage-first heap   total 108544K, used 27648K [0x0000000700000000, 0x0000000800000000)
  region size 2048K, 2 young (4096K), 2 survivors (4096K)
 Metaspace       used 33908K, capacity 34579K, committed 34816K, reserved 1079296K
  class space    used 4628K, capacity 4819K, committed 4864K, reserved 1048576K
}
Event: 2.477 GC heap before
{Heap before GC invocations=6 (full 0):
 garbage-first heap   total 108544K, used 35840K [0x0000000700000000, 0x0000000800000000)
  region size 2048K, 7 young (14336K), 2 survivors (4096K)
 Metaspace       used 35040K, capacity 35745K, committed 35840K, reserved 1081344K
  class space    used 4808K, capacity 4992K, committed 4992K, reserved 1048576K
}
Event: 2.480 GC heap after
{Heap after GC invocations=7 (full 0):
 garbage-first heap   total 108544K, used 28060K [0x0000000700000000, 0x0000000800000000)
  region size 2048K, 2 young (4096K), 2 survivors (4096K)
 Metaspace       used 35040K, capacity 35745K, committed 35840K, reserved 1081344K
  class space    used 4808K, capacity 4992K, committed 4992K, reserved 1048576K
}

Deoptimization events (20 events):
Event: 2.286 Thread 0x00007fa259ef8800 Uncommon trap: trap_request=0xffffff45 fr.pc=0x000000011d809e8c relative=0x000000000000142c
Event: 2.286 Thread 0x00007fa259ef8800 Uncommon trap: reason=unstable_if action=reinterpret pc=0x000000011d809e8c method=jdk.internal.org.objectweb.asm.Frame.execute(IILjdk/internal/org/objectweb/asm/Symbol;Ljdk/internal/org/objectweb/asm/SymbolTable;)V @ 1 c2
Event: 2.286 Thread 0x00007fa259ef8800 DEOPT PACKING pc=0x000000011d809e8c sp=0x0000700007fb1c60
Event: 2.286 Thread 0x00007fa259ef8800 DEOPT UNPACKING pc=0x0000000115c51125 sp=0x0000700007fb1c20 mode 2
Event: 2.527 Thread 0x00007fa259ef8800 Uncommon trap: trap_request=0xffffff45 fr.pc=0x000000011d8685ac relative=0x00000000000075cc
Event: 2.527 Thread 0x00007fa259ef8800 Uncommon trap: reason=unstable_if action=reinterpret pc=0x000000011d8685ac method=org.codehaus.groovy.runtime.metaclass.MetaMethodIndex.addMethodToList(Ljava/lang/Object;Lgroovy/lang/MetaMethod;)Ljava/lang/Object; @ 226 c2
Event: 2.527 Thread 0x00007fa259ef8800 DEOPT PACKING pc=0x000000011d8685ac sp=0x0000700007fb1bb0
Event: 2.527 Thread 0x00007fa259ef8800 DEOPT UNPACKING pc=0x0000000115c51125 sp=0x0000700007fb1c00 mode 2
Event: 2.544 Thread 0x00007fa259ef8800 Uncommon trap: trap_request=0xffffff45 fr.pc=0x000000011d857b84 relative=0x00000000000006e4
Event: 2.544 Thread 0x00007fa259ef8800 Uncommon trap: reason=unstable_if action=reinterpret pc=0x000000011d857b84 method=org.codehaus.groovy.reflection.CachedMethod.compareToMethod(Ljava/lang/reflect/Method;)I @ 43 c2
Event: 2.544 Thread 0x00007fa259ef8800 DEOPT PACKING pc=0x000000011d857b84 sp=0x0000700007fb1b10
Event: 2.544 Thread 0x00007fa259ef8800 DEOPT UNPACKING pc=0x0000000115c51125 sp=0x0000700007fb1a30 mode 2
Event: 2.589 Thread 0x00007fa259ef8800 Uncommon trap: trap_request=0xffffff45 fr.pc=0x000000011d8a2794 relative=0x0000000000001034
Event: 2.589 Thread 0x00007fa259ef8800 Uncommon trap: reason=unstable_if action=reinterpret pc=0x000000011d8a2794 method=org.objectweb.asm.Frame.execute(IILorg/objectweb/asm/Symbol;Lorg/objectweb/asm/SymbolTable;)V @ 1 c2
Event: 2.589 Thread 0x00007fa259ef8800 DEOPT PACKING pc=0x000000011d8a2794 sp=0x0000700007fb22c0
Event: 2.589 Thread 0x00007fa259ef8800 DEOPT UNPACKING pc=0x0000000115c51125 sp=0x0000700007fb2258 mode 2
Event: 2.625 Thread 0x00007fa259ef8800 Uncommon trap: trap_request=0xffffff45 fr.pc=0x000000011d85a404 relative=0x0000000000000204
Event: 2.625 Thread 0x00007fa259ef8800 Uncommon trap: reason=unstable_if action=reinterpret pc=0x000000011d85a404 method=java.util.ArrayDeque.addLast(Ljava/lang/Object;)V @ 42 c2
Event: 2.625 Thread 0x00007fa259ef8800 DEOPT PACKING pc=0x000000011d85a404 sp=0x0000700007fb2320
Event: 2.625 Thread 0x00007fa259ef8800 DEOPT UNPACKING pc=0x0000000115c51125 sp=0x0000700007fb2268 mode 2

Classes unloaded (0 events):
No events

Classes redefined (0 events):
No events

Internal exceptions (20 events):
Event: 2.548 Thread 0x00007fa259ef8800 Exception <a 'java/lang/ClassNotFoundException'{0x0000000709b0eb80}: org/gradle/api/internal/artifacts/dsl/dependencies/DefaultDependencyHandlerCustomizer> (0x0000000709b0eb80) 
thrown [./src/hotspot/share/classfile/systemDictionary.cpp, line 295]
Event: 2.549 Thread 0x00007fa259ef8800 Exception <a 'java/lang/ClassNotFoundException'{0x0000000709b44c40}: org/gradle/api/internal/artifacts/dsl/dependencies/DefaultDependencyHandler_DecoratedCustomizer> (0x0000000709b44c40) 
thrown [./src/hotspot/share/classfile/systemDictionary.cpp, line 295]
Event: 2.557 Thread 0x00007fa259ef8800 Exception <a 'java/lang/ClassNotFoundException'{0x000000070563da28}: org/gradle/api/plugins/internal/DefaultJavaPluginExtension_DecoratedBeanInfo> (0x000000070563da28) 
thrown [./src/hotspot/share/classfile/systemDictionary.cpp, line 295]
Event: 2.557 Thread 0x00007fa259ef8800 Exception <a 'java/lang/ClassNotFoundException'{0x000000070564dc28}: org/gradle/api/plugins/internal/DefaultJavaPluginExtensionBeanInfo> (0x000000070564dc28) 
thrown [./src/hotspot/share/classfile/systemDictionary.cpp, line 295]
Event: 2.558 Thread 0x00007fa259ef8800 Exception <a 'java/lang/ClassNotFoundException'{0x000000070565de20}: org/gradle/api/plugins/internal/DefaultJavaPluginExtensionCustomizer> (0x000000070565de20) 
thrown [./src/hotspot/share/classfile/systemDictionary.cpp, line 295]
Event: 2.559 Thread 0x00007fa259ef8800 Exception <a 'java/lang/ClassNotFoundException'{0x0000000705683420}: org/gradle/api/plugins/internal/DefaultJavaPluginExtension_DecoratedCustomizer> (0x0000000705683420) 
thrown [./src/hotspot/share/classfile/systemDictionary.cpp, line 295]
Event: 2.561 Thread 0x00007fa259ef8800 Exception <a 'java/lang/ClassNotFoundException'{0x00000007056c4020}: org/gradle/jvm/toolchain/JavaLanguageVersionBeanInfo> (0x00000007056c4020) 
thrown [./src/hotspot/share/classfile/systemDictionary.cpp, line 295]
Event: 2.562 Thread 0x00007fa259ef8800 Exception <a 'java/lang/ClassNotFoundException'{0x00000007056d6250}: org/gradle/jvm/toolchain/JavaLanguageVersionCustomizer> (0x00000007056d6250) 
thrown [./src/hotspot/share/classfile/systemDictionary.cpp, line 295]
Event: 2.565 Thread 0x00007fa259ef8800 Exception <a 'java/lang/ClassNotFoundException'{0x000000070571b8d8}: org/gradle/jvm/toolchain/internal/DefaultToolchainSpec_DecoratedBeanInfo> (0x000000070571b8d8) 
thrown [./src/hotspot/share/classfile/systemDictionary.cpp, line 295]
Event: 2.565 Thread 0x00007fa259ef8800 Exception <a 'java/lang/ClassNotFoundException'{0x000000070572da28}: org/gradle/jvm/toolchain/internal/DefaultToolchainSpecBeanInfo> (0x000000070572da28) 
thrown [./src/hotspot/share/classfile/systemDictionary.cpp, line 295]
Event: 2.566 Thread 0x00007fa259ef8800 Exception <a 'java/lang/ClassNotFoundException'{0x000000070573fc00}: org/gradle/jvm/toolchain/internal/DefaultToolchainSpecCustomizer> (0x000000070573fc00) 
thrown [./src/hotspot/share/classfile/systemDictionary.cpp, line 295]
Event: 2.567 Thread 0x00007fa259ef8800 Exception <a 'java/lang/ClassNotFoundException'{0x000000070575a838}: org/gradle/jvm/toolchain/internal/DefaultToolchainSpec_DecoratedCustomizer> (0x000000070575a838) 
thrown [./src/hotspot/share/classfile/systemDictionary.cpp, line 295]
Event: 2.569 Thread 0x00007fa259ef8800 Exception <a 'java/lang/ClassNotFoundException'{0x00000007057a7630}: org/gradle/api/plugins/internal/DefaultBasePluginConventionBeanInfo> (0x00000007057a7630) 
thrown [./src/hotspot/share/classfile/systemDictionary.cpp, line 295]
Event: 2.570 Thread 0x00007fa259ef8800 Exception <a 'java/lang/ClassNotFoundException'{0x00000007057b5540}: org/gradle/api/plugins/BasePluginConventionBeanInfo> (0x00000007057b5540) 
thrown [./src/hotspot/share/classfile/systemDictionary.cpp, line 295]
Event: 2.570 Thread 0x00007fa259ef8800 Exception <a 'java/lang/ClassNotFoundException'{0x00000007057c3418}: org/gradle/api/plugins/BasePluginConventionCustomizer> (0x00000007057c3418) 
thrown [./src/hotspot/share/classfile/systemDictionary.cpp, line 295]
Event: 2.571 Thread 0x00007fa259ef8800 Exception <a 'java/lang/ClassNotFoundException'{0x00000007057df8e0}: org/gradle/api/plugins/internal/DefaultBasePluginConventionCustomizer> (0x00000007057df8e0) 
thrown [./src/hotspot/share/classfile/systemDictionary.cpp, line 295]
Event: 2.573 Thread 0x00007fa259ef8800 Exception <a 'java/lang/ClassNotFoundException'{0x00000007054274c8}: org/gradle/api/plugins/internal/DefaultJavaPluginConventionBeanInfo> (0x00000007054274c8) 
thrown [./src/hotspot/share/classfile/systemDictionary.cpp, line 295]
Event: 2.573 Thread 0x00007fa259ef8800 Exception <a 'java/lang/ClassNotFoundException'{0x00000007054353d8}: org/gradle/api/plugins/JavaPluginConventionBeanInfo> (0x00000007054353d8) 
thrown [./src/hotspot/share/classfile/systemDictionary.cpp, line 295]
Event: 2.573 Thread 0x00007fa259ef8800 Exception <a 'java/lang/ClassNotFoundException'{0x00000007054432b0}: org/gradle/api/plugins/JavaPluginConventionCustomizer> (0x00000007054432b0) 
thrown [./src/hotspot/share/classfile/systemDictionary.cpp, line 295]
Event: 2.574 Thread 0x00007fa259ef8800 Exception <a 'java/lang/ClassNotFoundException'{0x0000000705465108}: org/gradle/api/plugins/internal/DefaultJavaPluginConventionCustomizer> (0x0000000705465108) 
thrown [./src/hotspot/share/classfile/systemDictionary.cpp, line 295]

Events (20 events):
Event: 2.430 Thread 0x00007fa264064e00 Thread added: 0x00007fa264064e00
Event: 2.430 Protecting memory [0x00007000093f8000,0x00007000093fc000] with protection modes 0
Event: 2.477 Executing VM operation: CollectForMetadataAllocation
Event: 2.480 Executing VM operation: CollectForMetadataAllocation done
Event: 2.495 Executing VM operation: G1Concurrent
Event: 2.497 Executing VM operation: G1Concurrent done
Event: 2.505 Executing VM operation: G1Concurrent
Event: 2.505 Executing VM operation: G1Concurrent done
Event: 2.536 loading class java/util/AbstractCollectionBeanInfo
Event: 2.536 loading class java/util/AbstractCollectionBeanInfo done
Event: 2.536 loading class java/util/AbstractCollectionBeanInfo
Event: 2.536 loading class java/util/AbstractCollectionBeanInfo done
Event: 2.536 loading class java/util/AbstractCollectionCustomizer
Event: 2.536 loading class java/util/AbstractCollectionCustomizer done
Event: 2.536 loading class java/util/AbstractCollectionCustomizer
Event: 2.536 loading class java/util/AbstractCollectionCustomizer done
Event: 2.536 loading class sun/reflect/generics/reflectiveObjects/GenericArrayTypeImpl
Event: 2.536 loading class sun/reflect/generics/reflectiveObjects/GenericArrayTypeImpl done
Event: 2.626 Executing VM operation: ICBufferFull
Event: 2.627 Executing VM operation: ICBufferFull done


Dynamic libraries:
0x00007fff729a4000 	/usr/lib/libz.1.dylib
0x00000001095af000 	/Users/yonghun/Library/Java/JavaVirtualMachines/azul-15.0.7/Contents/Home/lib/libjli.dylib
0x00007fff38686000 	/System/Library/Frameworks/Cocoa.framework/Versions/A/Cocoa
0x00007fff45e80000 	/System/Library/Frameworks/Security.framework/Versions/A/Security
0x00007fff375eb000 	/System/Library/Frameworks/ApplicationServices.framework/Versions/A/ApplicationServices
0x00007fff70468000 	/usr/lib/libSystem.B.dylib
0x00007fff73265000 	/usr/lib/system/libcache.dylib
0x00007fff7326b000 	/usr/lib/system/libcommonCrypto.dylib
0x00007fff73277000 	/usr/lib/system/libcompiler_rt.dylib
0x00007fff7327f000 	/usr/lib/system/libcopyfile.dylib
0x00007fff73289000 	/usr/lib/system/libcorecrypto.dylib
0x00007fff73428000 	/usr/lib/system/libdispatch.dylib
0x00007fff73469000 	/usr/lib/system/libdyld.dylib
0x00007fff734a0000 	/usr/lib/system/libkeymgr.dylib
0x00007fff734ae000 	/usr/lib/system/liblaunch.dylib
0x00007fff734af000 	/usr/lib/system/libmacho.dylib
0x00007fff734b5000 	/usr/lib/system/libquarantine.dylib
0x00007fff734b8000 	/usr/lib/system/libremovefile.dylib
0x00007fff734ba000 	/usr/lib/system/libsystem_asl.dylib
0x00007fff734d2000 	/usr/lib/system/libsystem_blocks.dylib
0x00007fff734d3000 	/usr/lib/system/libsystem_c.dylib
0x00007fff7355b000 	/usr/lib/system/libsystem_configuration.dylib
0x00007fff7355f000 	/usr/lib/system/libsystem_coreservices.dylib
0x00007fff73563000 	/usr/lib/system/libsystem_darwin.dylib
0x00007fff7356c000 	/usr/lib/system/libsystem_dnssd.dylib
0x00007fff73574000 	/usr/lib/system/libsystem_featureflags.dylib
0x00007fff73576000 	/usr/lib/system/libsystem_info.dylib
0x00007fff735f1000 	/usr/lib/system/libsystem_m.dylib
0x00007fff73639000 	/usr/lib/system/libsystem_malloc.dylib
0x00007fff73661000 	/usr/lib/system/libsystem_networkextension.dylib
0x00007fff7366f000 	/usr/lib/system/libsystem_notify.dylib
0x00007fff7368d000 	/usr/lib/system/libsystem_sandbox.dylib
0x00007fff73692000 	/usr/lib/system/libsystem_secinit.dylib
0x00007fff735c4000 	/usr/lib/system/libsystem_kernel.dylib
0x00007fff73679000 	/usr/lib/system/libsystem_platform.dylib
0x00007fff73682000 	/usr/lib/system/libsystem_pthread.dylib
0x00007fff73695000 	/usr/lib/system/libsystem_symptoms.dylib
0x00007fff7369d000 	/usr/lib/system/libsystem_trace.dylib
0x00007fff736b5000 	/usr/lib/system/libunwind.dylib
0x00007fff736bb000 	/usr/lib/system/libxpc.dylib
0x00007fff722c8000 	/usr/lib/libobjc.A.dylib
0x00007fff707a1000 	/usr/lib/libc++abi.dylib
0x00007fff7074e000 	/usr/lib/libc++.1.dylib
0x00007fff39528000 	/System/Library/Frameworks/CoreFoundation.framework/Versions/A/CoreFoundation
0x00007fff3bbe5000 	/System/Library/Frameworks/Foundation.framework/Versions/C/Foundation
0x00007fff367db000 	/System/Library/Frameworks/AppKit.framework/Versions/C/AppKit
0x00007fff3900a000 	/System/Library/Frameworks/CoreData.framework/Versions/A/CoreData
0x00007fff6a47d000 	/System/Library/PrivateFrameworks/UIFoundation.framework/Versions/A/UIFoundation
0x00007fff65511000 	/System/Library/PrivateFrameworks/RemoteViewServices.framework/Versions/A/RemoteViewServices
0x00007fff6cfd8000 	/System/Library/PrivateFrameworks/XCTTargetBootstrap.framework/Versions/A/XCTTargetBootstrap
0x00007fff393f5000 	/System/Library/Frameworks/CoreDisplay.framework/Versions/A/CoreDisplay
0x00007fff3eaa0000 	/System/Library/Frameworks/Metal.framework/Versions/A/Metal
0x00007fff53514000 	/System/Library/PrivateFrameworks/DesktopServicesPriv.framework/Versions/A/DesktopServicesPriv
0x00007fff715a3000 	/usr/lib/liblangid.dylib
0x00007fff527a9000 	/System/Library/PrivateFrameworks/CoreSVG.framework/Versions/A/CoreSVG
0x00007fff6866d000 	/System/Library/PrivateFrameworks/SkyLight.framework/Versions/A/SkyLight
0x00007fff399a9000 	/System/Library/Frameworks/CoreGraphics.framework/Versions/A/CoreGraphics
0x00007fff351af000 	/System/Library/Frameworks/Accelerate.framework/Versions/A/Accelerate
0x00007fff72895000 	/usr/lib/libxml2.2.dylib
0x00007fff5e49c000 	/System/Library/PrivateFrameworks/IconServices.framework/Versions/A/IconServices
0x00007fff3c3c4000 	/System/Library/Frameworks/IOSurface.framework/Versions/A/IOSurface
0x00007fff6ff92000 	/usr/lib/libDiagnosticMessagesClient.dylib
0x00007fff5336e000 	/System/Library/PrivateFrameworks/DFRFoundation.framework/Versions/A/DFRFoundation
0x00007fff71332000 	/usr/lib/libicucore.A.dylib
0x00007fff3791d000 	/System/Library/Frameworks/AudioToolbox.framework/Versions/A/AudioToolbox
0x00007fff37a00000 	/System/Library/Frameworks/AudioUnit.framework/Versions/A/AudioUnit
0x00007fff7066a000 	/usr/lib/libauto.dylib
0x00007fff53410000 	/System/Library/PrivateFrameworks/DataDetectorsCore.framework/Versions/A/DataDetectorsCore
0x00007fff381a7000 	/System/Library/Frameworks/Carbon.framework/Versions/A/Frameworks/HIToolbox.framework/Versions/A/HIToolbox
0x00007fff45079000 	/System/Library/Frameworks/QuartzCore.framework/Versions/A/QuartzCore
0x00007fff384e6000 	/System/Library/Frameworks/Carbon.framework/Versions/A/Frameworks/SpeechRecognition.framework/Versions/A/SpeechRecognition
0x00007fff52e82000 	/System/Library/PrivateFrameworks/CoreUI.framework/Versions/A/CoreUI
0x00007fff38a75000 	/System/Library/Frameworks/CoreAudio.framework/Versions/A/CoreAudio
0x00007fff3b8a4000 	/System/Library/Frameworks/DiskArbitration.framework/Versions/A/DiskArbitration
0x00007fff604ec000 	/System/Library/PrivateFrameworks/MultitouchSupport.framework/Versions/A/MultitouchSupport
0x00007fff711f9000 	/usr/lib/libenergytrace.dylib
0x00007fff3c31e000 	/System/Library/Frameworks/IOKit.framework/Versions/A/IOKit
0x00007fff3a910000 	/System/Library/Frameworks/CoreServices.framework/Versions/A/CoreServices
0x00007fff626a4000 	/System/Library/PrivateFrameworks/PerformanceAnalysis.framework/Versions/A/PerformanceAnalysis
0x00007fff440ac000 	/System/Library/Frameworks/OpenGL.framework/Versions/A/OpenGL
0x00007fff38694000 	/System/Library/Frameworks/ColorSync.framework/Versions/A/ColorSync
0x00007fff3a02c000 	/System/Library/Frameworks/CoreImage.framework/Versions/A/CoreImage
0x00007fff3b383000 	/System/Library/Frameworks/CoreText.framework/Versions/A/CoreText
0x00007fff3c454000 	/System/Library/Frameworks/ImageIO.framework/Versions/A/ImageIO
0x00007fff707ca000 	/usr/lib/libcompression.dylib
0x00007fff702d6000 	/usr/lib/libMobileGestalt.dylib
0x00007fff6a1e7000 	/System/Library/PrivateFrameworks/TextureIO.framework/Versions/A/TextureIO
0x00007fff705cd000 	/usr/lib/libate.dylib
0x00007fff5e6a5000 	/System/Library/PrivateFrameworks/InternationalSupport.framework/Versions/A/InternationalSupport
0x00007fff715a5000 	/usr/lib/liblzma.5.dylib
0x00007fff71220000 	/usr/lib/libfakelink.dylib
0x00007fff7055a000 	/usr/lib/libarchive.2.dylib
0x00007fff46f31000 	/System/Library/Frameworks/SystemConfiguration.framework/Versions/A/SystemConfiguration
0x00007fff6fec5000 	/usr/lib/libCRFSuite.dylib
0x00007fff37d97000 	/System/Library/Frameworks/CFNetwork.framework/Versions/A/CFNetwork
0x00007fff70730000 	/usr/lib/libbsm.0.dylib
0x00007fff734a1000 	/usr/lib/system/libkxld.dylib
0x00007fff4cceb000 	/System/Library/PrivateFrameworks/AppleFSCompression.framework/Versions/A/AppleFSCompression
0x00007fff70abb000 	/usr/lib/libcoretls.dylib
0x00007fff70ad2000 	/usr/lib/libcoretls_cfhelpers.dylib
0x00007fff7230e000 	/usr/lib/libpam.2.dylib
0x00007fff72443000 	/usr/lib/libsqlite3.dylib
0x00007fff72882000 	/usr/lib/libxar.1.dylib
0x00007fff70741000 	/usr/lib/libbz2.1.0.dylib
0x00007fff71241000 	/usr/lib/libiconv.2.dylib
0x00007fff707b7000 	/usr/lib/libcharset.1.dylib
0x00007fff71dab000 	/usr/lib/libnetwork.dylib
0x00007fff72315000 	/usr/lib/libpcap.A.dylib
0x00007fff7050f000 	/usr/lib/libapple_nghttp2.dylib
0x00007fff3acc7000 	/System/Library/Frameworks/CoreServices.framework/Versions/A/Frameworks/FSEvents.framework/Versions/A/FSEvents
0x00007fff3a997000 	/System/Library/Frameworks/CoreServices.framework/Versions/A/Frameworks/CarbonCore.framework/Versions/A/CarbonCore
0x00007fff3af0b000 	/System/Library/Frameworks/CoreServices.framework/Versions/A/Frameworks/Metadata.framework/Versions/A/Metadata
0x00007fff3afa4000 	/System/Library/Frameworks/CoreServices.framework/Versions/A/Frameworks/OSServices.framework/Versions/A/OSServices
0x00007fff3afd2000 	/System/Library/Frameworks/CoreServices.framework/Versions/A/Frameworks/SearchKit.framework/Versions/A/SearchKit
0x00007fff3a911000 	/System/Library/Frameworks/CoreServices.framework/Versions/A/Frameworks/AE.framework/Versions/A/AE
0x00007fff3acd0000 	/System/Library/Frameworks/CoreServices.framework/Versions/A/Frameworks/LaunchServices.framework/Versions/A/LaunchServices
0x00007fff3ac79000 	/System/Library/Frameworks/CoreServices.framework/Versions/A/Frameworks/DictionaryServices.framework/Versions/A/DictionaryServices
0x00007fff3b03a000 	/System/Library/Frameworks/CoreServices.framework/Versions/A/Frameworks/SharedFileList.framework/Versions/A/SharedFileList
0x00007fff3fecb000 	/System/Library/Frameworks/NetFS.framework/Versions/A/NetFS
0x00007fff60a1c000 	/System/Library/PrivateFrameworks/NetAuth.framework/Versions/A/NetAuth
0x00007fff6d3a5000 	/System/Library/PrivateFrameworks/login.framework/Versions/A/Frameworks/loginsupport.framework/Versions/A/loginsupport
0x00007fff69cb2000 	/System/Library/PrivateFrameworks/TCC.framework/Versions/A/TCC
0x00007fff5191c000 	/System/Library/PrivateFrameworks/CoreNLP.framework/Versions/A/CoreNLP
0x00007fff5ff19000 	/System/Library/PrivateFrameworks/MetadataUtilities.framework/Versions/A/MetadataUtilities
0x00007fff7167d000 	/usr/lib/libmecabra.dylib
0x00007fff715d5000 	/usr/lib/libmecab.dylib
0x00007fff71231000 	/usr/lib/libgermantok.dylib
0x00007fff704f6000 	/usr/lib/libThaiTokenizer.dylib
0x00007fff6fefc000 	/usr/lib/libChineseTokenizer.dylib
0x00007fff351c7000 	/System/Library/Frameworks/Accelerate.framework/Versions/A/Frameworks/vImage.framework/Versions/A/vImage
0x00007fff36631000 	/System/Library/Frameworks/Accelerate.framework/Versions/A/Frameworks/vecLib.framework/Versions/A/vecLib
0x00007fff3656e000 	/System/Library/Frameworks/Accelerate.framework/Versions/A/Frameworks/vecLib.framework/Versions/A/libvMisc.dylib
0x00007fff36396000 	/System/Library/Frameworks/Accelerate.framework/Versions/A/Frameworks/vecLib.framework/Versions/A/libvDSP.dylib
0x00007fff3581e000 	/System/Library/Frameworks/Accelerate.framework/Versions/A/Frameworks/vecLib.framework/Versions/A/libBLAS.dylib
0x00007fff35f5a000 	/System/Library/Frameworks/Accelerate.framework/Versions/A/Frameworks/vecLib.framework/Versions/A/libLAPACK.dylib
0x00007fff362f6000 	/System/Library/Frameworks/Accelerate.framework/Versions/A/Frameworks/vecLib.framework/Versions/A/libLinearAlgebra.dylib
0x00007fff36383000 	/System/Library/Frameworks/Accelerate.framework/Versions/A/Frameworks/vecLib.framework/Versions/A/libSparseBLAS.dylib
0x00007fff3630c000 	/System/Library/Frameworks/Accelerate.framework/Versions/A/Frameworks/vecLib.framework/Versions/A/libQuadrature.dylib
0x00007fff35a86000 	/System/Library/Frameworks/Accelerate.framework/Versions/A/Frameworks/vecLib.framework/Versions/A/libBNNS.dylib
0x00007fff36312000 	/System/Library/Frameworks/Accelerate.framework/Versions/A/Frameworks/vecLib.framework/Versions/A/libSparse.dylib
0x00007fff5ea8d000 	/System/Library/PrivateFrameworks/LanguageModeling.framework/Versions/A/LanguageModeling
0x00007fff512cc000 	/System/Library/PrivateFrameworks/CoreEmoji.framework/Versions/A/CoreEmoji
0x00007fff5ebab000 	/System/Library/PrivateFrameworks/LinguisticData.framework/Versions/A/LinguisticData
0x00007fff5eb5c000 	/System/Library/PrivateFrameworks/Lexicon.framework/Versions/A/Lexicon
0x00007fff707b8000 	/usr/lib/libcmph.dylib
0x00007fff42aba000 	/System/Library/Frameworks/OpenDirectory.framework/Versions/A/Frameworks/CFOpenDirectory.framework/Versions/A/CFOpenDirectory
0x00007fff42ad7000 	/System/Library/Frameworks/OpenDirectory.framework/Versions/A/OpenDirectory
0x00007fff4af1b000 	/System/Library/PrivateFrameworks/APFS.framework/Versions/A/APFS
0x00007fff461ca000 	/System/Library/Frameworks/SecurityFoundation.framework/Versions/A/SecurityFoundation
0x00007fff7287e000 	/usr/lib/libutil.dylib
0x00007fff52801000 	/System/Library/PrivateFrameworks/CoreServicesStore.framework/Versions/A/CoreServicesStore
0x00007fff46281000 	/System/Library/Frameworks/ServiceManagement.framework/Versions/A/ServiceManagement
0x00007fff4e4bb000 	/System/Library/PrivateFrameworks/BackgroundTaskManagement.framework/Versions/A/BackgroundTaskManagement
0x00007fff7297b000 	/usr/lib/libxslt.1.dylib
0x00007fff4d35e000 	/System/Library/PrivateFrameworks/AppleSystemInfo.framework/Versions/A/AppleSystemInfo
0x00007fff3c66f000 	/System/Library/Frameworks/ImageIO.framework/Versions/A/Resources/libJPEG.dylib
0x00007fff3c92e000 	/System/Library/Frameworks/ImageIO.framework/Versions/A/Resources/libTIFF.dylib
0x00007fff3c911000 	/System/Library/Frameworks/ImageIO.framework/Versions/A/Resources/libPng.dylib
0x00007fff3c5b1000 	/System/Library/Frameworks/ImageIO.framework/Versions/A/Resources/libGIF.dylib
0x00007fff3c5b5000 	/System/Library/Frameworks/ImageIO.framework/Versions/A/Resources/libJP2.dylib
0x00007fff3c92c000 	/System/Library/Frameworks/ImageIO.framework/Versions/A/Resources/libRadiance.dylib
0x00007fff711fa000 	/usr/lib/libexpat.1.dylib
0x00007fff4ce46000 	/System/Library/PrivateFrameworks/AppleJPEG.framework/Versions/A/AppleJPEG
0x00007fff55b01000 	/System/Library/PrivateFrameworks/FontServices.framework/libFontParser.dylib
0x00007fff6c3a7000 	/System/Library/PrivateFrameworks/WatchdogClient.framework/Versions/A/WatchdogClient
0x00007fff5e0e8000 	/System/Library/PrivateFrameworks/IOAccelerator.framework/Versions/A/IOAccelerator
0x00007fff3ee3b000 	/System/Library/Frameworks/MetalPerformanceShaders.framework/Versions/A/MetalPerformanceShaders
0x00007fff5a87e000 	/System/Library/PrivateFrameworks/GPUWrangler.framework/Versions/A/GPUWrangler
0x00007fff5e0fd000 	/System/Library/PrivateFrameworks/IOPresentment.framework/Versions/A/IOPresentment
0x00007fff53381000 	/System/Library/PrivateFrameworks/DSExternalDisplay.framework/Versions/A/DSExternalDisplay
0x00007fff4344b000 	/System/Library/Frameworks/OpenGL.framework/Versions/A/Libraries/libCoreFSCache.dylib
0x00007fff3eb87000 	/System/Library/Frameworks/MetalPerformanceShaders.framework/Frameworks/MPSCore.framework/Versions/A/MPSCore
0x00007fff3ebc5000 	/System/Library/Frameworks/MetalPerformanceShaders.framework/Frameworks/MPSImage.framework/Versions/A/MPSImage
0x00007fff3ec8c000 	/System/Library/Frameworks/MetalPerformanceShaders.framework/Frameworks/MPSNeuralNetwork.framework/Versions/A/MPSNeuralNetwork
0x00007fff3ec50000 	/System/Library/Frameworks/MetalPerformanceShaders.framework/Frameworks/MPSMatrix.framework/Versions/A/MPSMatrix
0x00007fff3edeb000 	/System/Library/Frameworks/MetalPerformanceShaders.framework/Frameworks/MPSRayIntersector.framework/Versions/A/MPSRayIntersector
0x00007fff3ec76000 	/System/Library/Frameworks/MetalPerformanceShaders.framework/Frameworks/MPSNDArray.framework/Versions/A/MPSNDArray
0x00007fff5ff66000 	/System/Library/PrivateFrameworks/MetalTools.framework/Versions/A/MetalTools
0x00007fff4c0f5000 	/System/Library/PrivateFrameworks/AggregateDictionary.framework/Versions/A/AggregateDictionary
0x00007fff50d14000 	/System/Library/PrivateFrameworks/CoreAnalytics.framework/Versions/A/CoreAnalytics
0x00007fff4d27d000 	/System/Library/PrivateFrameworks/AppleSauce.framework/Versions/A/AppleSauce
0x00007fff701b8000 	/usr/lib/libIOReport.dylib
0x00007fff3b53b000 	/System/Library/Frameworks/CoreVideo.framework/Versions/A/CoreVideo
0x00007fff5bcf7000 	/System/Library/PrivateFrameworks/GraphVisualizer.framework/Versions/A/GraphVisualizer
0x00007fff55047000 	/System/Library/PrivateFrameworks/FaceCore.framework/Versions/A/FaceCore
0x00007fff42a61000 	/System/Library/Frameworks/OpenCL.framework/Versions/A/OpenCL
0x00007fff6ffda000 	/usr/lib/libFosl_dynamic.dylib
0x00007fff6143c000 	/System/Library/PrivateFrameworks/OTSVG.framework/Versions/A/OTSVG
0x00007fff376f0000 	/System/Library/Frameworks/ApplicationServices.framework/Versions/A/Frameworks/ATS.framework/Versions/A/Resources/libFontRegistry.dylib
0x00007fff55cd2000 	/System/Library/PrivateFrameworks/FontServices.framework/libhvf.dylib
0x00007fff43456000 	/System/Library/Frameworks/OpenGL.framework/Versions/A/Libraries/libGFXShared.dylib
0x00007fff43634000 	/System/Library/Frameworks/OpenGL.framework/Versions/A/Libraries/libGLU.dylib
0x00007fff4345f000 	/System/Library/Frameworks/OpenGL.framework/Versions/A/Libraries/libGL.dylib
0x00007fff4346a000 	/System/Library/Frameworks/OpenGL.framework/Versions/A/Libraries/libGLImage.dylib
0x00007fff43448000 	/System/Library/Frameworks/OpenGL.framework/Versions/A/Libraries/libCVMSPluginSupport.dylib
0x00007fff43451000 	/System/Library/Frameworks/OpenGL.framework/Versions/A/Libraries/libCoreVMClient.dylib
0x00007fff71c4c000 	/usr/lib/libncurses.5.4.dylib
0x00007fff375ec000 	/System/Library/Frameworks/ApplicationServices.framework/Versions/A/Frameworks/ATS.framework/Versions/A/ATS
0x00007fff377b9000 	/System/Library/Frameworks/ApplicationServices.framework/Versions/A/Frameworks/ColorSyncLegacy.framework/Versions/A/ColorSyncLegacy
0x00007fff37857000 	/System/Library/Frameworks/ApplicationServices.framework/Versions/A/Frameworks/HIServices.framework/Versions/A/HIServices
0x00007fff378af000 	/System/Library/Frameworks/ApplicationServices.framework/Versions/A/Frameworks/LangAnalysis.framework/Versions/A/LangAnalysis
0x00007fff378be000 	/System/Library/Frameworks/ApplicationServices.framework/Versions/A/Frameworks/PrintCore.framework/Versions/A/PrintCore
0x00007fff37904000 	/System/Library/Frameworks/ApplicationServices.framework/Versions/A/Frameworks/QD.framework/Versions/A/QD
0x00007fff3790f000 	/System/Library/Frameworks/ApplicationServices.framework/Versions/A/Frameworks/SpeechSynthesis.framework/Versions/A/SpeechSynthesis
0x00007fff37789000 	/System/Library/Frameworks/ApplicationServices.framework/Versions/A/Frameworks/ATSUI.framework/Versions/A/ATSUI
0x00007fff71090000 	/usr/lib/libcups.2.dylib
0x00007fff3ded6000 	/System/Library/Frameworks/Kerberos.framework/Versions/A/Kerberos
0x00007fff3c017000 	/System/Library/Frameworks/GSS.framework/Versions/A/GSS
0x00007fff723cf000 	/usr/lib/libresolv.9.dylib
0x00007fff5bea4000 	/System/Library/PrivateFrameworks/Heimdal.framework/Versions/A/Heimdal
0x00007fff3dee9000 	/System/Library/Frameworks/Kerberos.framework/Versions/A/Libraries/libHeimdalProxy.dylib
0x00007fff71237000 	/usr/lib/libheimdal-asn1.dylib
0x00007fff501ac000 	/System/Library/PrivateFrameworks/CommonAuth.framework/Versions/A/CommonAuth
0x00007fff4d3fb000 	/System/Library/PrivateFrameworks/AssertionServices.framework/Versions/A/AssertionServices
0x00007fff4df9e000 	/System/Library/PrivateFrameworks/AudioToolboxCore.framework/Versions/A/AudioToolboxCore
0x00007fff6d055000 	/System/Library/PrivateFrameworks/caulk.framework/Versions/A/caulk
0x00007fff4e567000 	/System/Library/PrivateFrameworks/BaseBoard.framework/Versions/A/BaseBoard
0x00007fff6569f000 	/System/Library/PrivateFrameworks/RunningBoardServices.framework/Versions/A/RunningBoardServices
0x00007fff626b0000 	/System/Library/PrivateFrameworks/PersistentConnection.framework/Versions/A/PersistentConnection
0x00007fff65098000 	/System/Library/PrivateFrameworks/ProtocolBuffer.framework/Versions/A/ProtocolBuffer
0x00007fff501d0000 	/System/Library/PrivateFrameworks/CommonUtilities.framework/Versions/A/CommonUtilities
0x00007fff4e6f5000 	/System/Library/PrivateFrameworks/Bom.framework/Versions/A/Bom
0x00007fff6fe8b000 	/usr/lib/libAudioToolboxUtility.dylib
0x00007fff4e4c5000 	/System/Library/PrivateFrameworks/Backup.framework/Versions/A/Backup
0x00007fff532a2000 	/System/Library/PrivateFrameworks/CrashReporterSupport.framework/Versions/A/CrashReporterSupport
0x00007fff67131000 	/System/Library/PrivateFrameworks/Sharing.framework/Versions/A/Sharing
0x00007fff4ca09000 	/System/Library/PrivateFrameworks/Apple80211.framework/Versions/A/Apple80211
0x00007fff4e1e2000 	/System/Library/PrivateFrameworks/AuthKit.framework/Versions/A/AuthKit
0x00007fff52faf000 	/System/Library/PrivateFrameworks/CoreUtils.framework/Versions/A/CoreUtils
0x00007fff3b580000 	/System/Library/Frameworks/CoreWLAN.framework/Versions/A/CoreWLAN
0x00007fff3c1a4000 	/System/Library/Frameworks/IOBluetooth.framework/Versions/A/IOBluetooth
0x00007fff6026b000 	/System/Library/PrivateFrameworks/MobileKeyBag.framework/Versions/A/MobileKeyBag
0x00007fff51db4000 	/System/Library/PrivateFrameworks/CorePhoneNumbers.framework/Versions/A/CorePhoneNumbers
0x00007fff4cdf9000 	/System/Library/PrivateFrameworks/AppleIDAuthSupport.framework/Versions/A/AppleIDAuthSupport
0x00007fff3fed8000 	/System/Library/Frameworks/Network.framework/Versions/A/Network
0x00007fff5e939000 	/System/Library/PrivateFrameworks/KeychainCircle.framework/Versions/A/KeychainCircle
0x00007fff38fd1000 	/System/Library/Frameworks/CoreBluetooth.framework/Versions/A/CoreBluetooth
0x00007fff691b0000 	/System/Library/PrivateFrameworks/SpeechRecognitionCore.framework/Versions/A/SpeechRecognitionCore
0x00007fff2c5c9000 	/System/Library/CoreServices/Encodings/libKoreanConverter.dylib
0x000000010ae00000 	/Users/yonghun/Library/Java/JavaVirtualMachines/azul-15.0.7/Contents/Home/lib/server/libjvm.dylib
0x00000001095da000 	/Users/yonghun/Library/Java/JavaVirtualMachines/azul-15.0.7/Contents/Home/lib/libjimage.dylib
0x000000010bef9000 	/Users/yonghun/Library/Java/JavaVirtualMachines/azul-15.0.7/Contents/Home/lib/libjava.dylib
0x000000010d18a000 	/Users/yonghun/Library/Java/JavaVirtualMachines/azul-15.0.7/Contents/Home/lib/libnio.dylib
0x000000010d19e000 	/Users/yonghun/Library/Java/JavaVirtualMachines/azul-15.0.7/Contents/Home/lib/libnet.dylib
0x000000010d1b8000 	/Users/yonghun/Library/Java/JavaVirtualMachines/azul-15.0.7/Contents/Home/lib/libzip.dylib
0x000000010d1c6000 	/Users/yonghun/Library/Java/JavaVirtualMachines/azul-15.0.7/Contents/Home/lib/libverify.dylib
0x000000010d1d8000 	/Users/yonghun/.gradle/native/fdc75f09e3144964f2cf3f50f0aa648679c211496f362492102eb8c894070792/osx-amd64/libnative-platform.dylib
0x000000010d1df000 	/Users/yonghun/.gradle/native/12488b8bf47d2d4c9fbf2f6322a914ad602e24e48041cd04a747c6da556b65c4/osx-amd64/libnative-platform-file-events.dylib
0x000000010d24c000 	/Users/yonghun/Library/Java/JavaVirtualMachines/azul-15.0.7/Contents/Home/lib/libmanagement.dylib
0x000000010d256000 	/Users/yonghun/Library/Java/JavaVirtualMachines/azul-15.0.7/Contents/Home/lib/libmanagement_ext.dylib
0x000000010d261000 	/Users/yonghun/Library/Java/JavaVirtualMachines/azul-15.0.7/Contents/Home/lib/libextnet.dylib


VM Arguments:
jvm_args: --add-opens=java.base/java.util=ALL-UNNAMED --add-opens=java.base/java.lang=ALL-UNNAMED --add-opens=java.base/java.lang.invoke=ALL-UNNAMED --add-opens=java.prefs/java.util.prefs=ALL-UNNAMED -Dfile.encoding=UTF-8 -Duser.country=KR -Duser.language=ko -Duser.variant 
java_command: org.gradle.launcher.daemon.bootstrap.GradleDaemon 6.8.1
java_class_path (initial): /Users/yonghun/.gradle/wrapper/dists/gradle-6.8.1-bin/292llow5buzp6wg9rco3vjhoc/gradle-6.8.1/lib/gradle-launcher-6.8.1.jar
Launcher Type: SUN_STANDARD

[Global flags]
     intx CICompilerCount                          = 4                                         {product} {ergonomic}
     uint ConcGCThreads                            = 3                                         {product} {ergonomic}
     uint G1ConcRefinementThreads                  = 10                                        {product} {ergonomic}
   size_t G1HeapRegionSize                         = 2097152                                   {product} {ergonomic}
    uintx GCDrainStackTargetSize                   = 64                                        {product} {ergonomic}
   size_t InitialHeapSize                          = 268435456                                 {product} {ergonomic}
   size_t MarkStackSize                            = 4194304                                   {product} {ergonomic}
   size_t MaxHeapSize                              = 4294967296                                {product} {ergonomic}
   size_t MaxNewSize                               = 2575302656                                {product} {ergonomic}
   size_t MinHeapDeltaBytes                        = 2097152                                   {product} {ergonomic}
   size_t MinHeapSize                              = 8388608                                   {product} {ergonomic}
    uintx NonNMethodCodeHeapSize                   = 5839372                                {pd product} {ergonomic}
    uintx NonProfiledCodeHeapSize                  = 122909434                              {pd product} {ergonomic}
    uintx ProfiledCodeHeapSize                     = 122909434                              {pd product} {ergonomic}
    uintx ReservedCodeCacheSize                    = 251658240                              {pd product} {ergonomic}
     bool SegmentedCodeCache                       = true                                      {product} {ergonomic}
   size_t SoftMaxHeapSize                          = 4294967296                             {manageable} {ergonomic}
     bool UseCompressedClassPointers               = true                                 {lp64_product} {ergonomic}
     bool UseCompressedOops                        = true                                 {lp64_product} {ergonomic}
     bool UseG1GC                                  = true                                      {product} {ergonomic}
     bool UseNUMA                                  = false                                     {product} {ergonomic}
     bool UseNUMAInterleaving                      = false                                     {product} {ergonomic}

Logging:
Log output configuration:
 #0: stdout all=warning uptime,level,tags
 #1: stderr all=off uptime,level,tags

Environment Variables:
PATH=/usr/local/bin:/usr/bin:/bin:/usr/sbin:/sbin
SHELL=/bin/zsh
LC_CTYPE=ko_KR.UTF-8

Signal Handlers:
SIGSEGV: [libjvm.dylib+0xa8e450], sa_mask[0]=11111111011111110111111111111111, sa_flags=SA_ONSTACK|SA_RESTART|SA_SIGINFO
SIGBUS: [libjvm.dylib+0xa8e450], sa_mask[0]=11111111011111110111111111111111, sa_flags=SA_RESTART|SA_SIGINFO
SIGFPE: [libjvm.dylib+0xa8e450], sa_mask[0]=11111111011111110111111111111111, sa_flags=SA_RESTART|SA_SIGINFO
SIGPIPE: [libjvm.dylib+0x8490d0], sa_mask[0]=11111111011111110111111111111111, sa_flags=SA_RESTART|SA_SIGINFO
SIGXFSZ: [libjvm.dylib+0x8490d0], sa_mask[0]=11111111011111110111111111111111, sa_flags=SA_RESTART|SA_SIGINFO
SIGILL: [libjvm.dylib+0xa8e450], sa_mask[0]=11111111011111110111111111111111, sa_flags=SA_RESTART|SA_SIGINFO
SIGUSR2: [libjvm.dylib+0x849be0], sa_mask[0]=00100000000000000000000000000000, sa_flags=SA_RESTART|SA_SIGINFO
SIGHUP: [libjvm.dylib+0x8482e0], sa_mask[0]=11111111011111110111111111111111, sa_flags=SA_RESTART|SA_SIGINFO
SIGINT: [libjvm.dylib+0x8482e0], sa_mask[0]=11111111011111110111111111111111, sa_flags=SA_RESTART|SA_SIGINFO
SIGTERM: [libjvm.dylib+0x8482e0], sa_mask[0]=11111111011111110111111111111111, sa_flags=SA_RESTART|SA_SIGINFO
SIGQUIT: [libjvm.dylib+0x8482e0], sa_mask[0]=11111111011111110111111111111111, sa_flags=SA_RESTART|SA_SIGINFO


---------------  S Y S T E M  ---------------

OS:uname: Darwin 19.6.0 Darwin Kernel Version 19.6.0: Thu Oct 29 22:56:45 PDT 2020; root:xnu-6153.141.2.2~1/RELEASE_X86_64 x86_64
OS uptime: 0 days 0:31 hours
rlimit (soft/hard): STACK 8192k/65532k , CORE 0k/infinity , NPROC 2784/4176 , NOFILE 10240/infinity , AS infinity/infinity , CPU infinity/infinity , DATA infinity/infinity , FSIZE infinity/infinity , MEMLOCK infinity/infinity , RSS infinity/infinity
load average: 2.01 2.17 2.08

CPU: total 12 (initial active 12) (6 cores per cpu, 2 threads per core) family 6 model 158 stepping 10 microcode 0xec, cmov, cx8, fxsr, mmx, sse, sse2, sse3, ssse3, sse4.1, sse4.2, popcnt, vzeroupper, avx, avx2, aes, clmul, erms, 3dnowpref, lzcnt, ht, tsc, tscinvbit, bmi1, bmi2, adx, fma, clflush, clflushopt

Memory: 4k page, physical 16777216k(1209344k free), swap 0k(0k free)

vm_info: OpenJDK 64-Bit Server VM (15.0.7+4-MTS) for bsd-amd64 JRE (15.0.7+4-MTS) (Zulu15.40+19-CA), built on Apr 16 2022 08:36:19 by "zulu_re" with clang 4.2.1 Compatible Apple LLVM 11.0.0 (clang-1100.0.33.17)

END.
