#
# There is insufficient memory for the Java Runtime Environment to continue.
# Native memory allocation (mmap) failed to map 264241152 bytes for Failed to commit area from 0x0000000704200000 to 0x0000000713e00000 of length 264241152.
# Possible reasons:
#   The system is out of physical RAM or swap space
#   The process is running with CompressedOops enabled, and the Java Heap may be blocking the growth of the native heap
# Possible solutions:
#   Reduce memory load on the system
#   Increase physical memory or swap space
#   Check if swap backing store is full
#   Decrease Java heap size (-Xmx/-Xms)
#   Decrease number of Java threads
#   Decrease Java thread stack sizes (-Xss)
#   Set larger code cache with -XX:ReservedCodeCacheSize=
# This output file may be truncated or incomplete.
#
#  Out of Memory Error (./src/hotspot/os/windows/os_windows.cpp:3390), pid=14220, tid=17468
#
# JRE version:  (11.0.15+9) (build )
# Java VM: OpenJDK 64-Bit Server VM (11.0.15+9-LTS, mixed mode, sharing, tiered, compressed oops, g1 gc, windows-amd64)
# No core dump will be written. Minidumps are not enabled by default on client versions of Windows
#

---------------  S U M M A R Y ------------

Command Line: -javaagent:C:\Program Files\JetBrains\IntelliJ IDEA 2022.3.2\lib\idea_rt.jar=3255:C:\Program Files\JetBrains\IntelliJ IDEA 2022.3.2\bin -Dfile.encoding=UTF-8 lotto.LottoApplication

Host: Intel(R) Core(TM) i5-1035G7 CPU @ 1.20GHz, 8 cores, 15G,  Windows 10 , 64 bit Build 19041 (10.0.19041.2788)
Time: Sat May 13 21:46:31 2023  Windows 10 , 64 bit Build 19041 (10.0.19041.2788) elapsed time: 0.016713 seconds (0d 0h 0m 0s)

---------------  T H R E A D  ---------------

Current thread (0x000001b11fec8000):  JavaThread "Unknown thread" [_thread_in_vm, id=17468, stack(0x00000074a6c00000,0x00000074a6d00000)]

Stack: [0x00000074a6c00000,0x00000074a6d00000]
Native frames: (J=compiled Java code, j=interpreted, Vv=VM code, C=native code)
V  [jvm.dll+0x61e70a]
V  [jvm.dll+0x7aae29]
V  [jvm.dll+0x7ac518]
V  [jvm.dll+0x7acbf3]
V  [jvm.dll+0x24fb28]
V  [jvm.dll+0x61b9aa]
V  [jvm.dll+0x610205]
V  [jvm.dll+0x30782c]
V  [jvm.dll+0x3076b2]
V  [jvm.dll+0x30c3c6]
V  [jvm.dll+0x35281f]
V  [jvm.dll+0x352250]
V  [jvm.dll+0x2e4828]
V  [jvm.dll+0x2e5986]
V  [jvm.dll+0x784c77]
V  [jvm.dll+0x7863ff]
V  [jvm.dll+0x35f569]
V  [jvm.dll+0x767c10]
V  [jvm.dll+0x3cd05f]
V  [jvm.dll+0x3cf3f1]
C  [jli.dll+0x5207]
C  [ucrtbase.dll+0x21bb2]
C  [KERNEL32.DLL+0x17604]
C  [ntdll.dll+0x526a1]


---------------  P R O C E S S  ---------------

Threads class SMR info:
_java_thread_list=0x000001b11fd6b500, length=0, elements={
}

Java Threads: ( => current thread )

Other Threads:
  0x000001b11fee1800 GCTaskThread "GC Thread#0" [stack: 0x00000074a6d00000,0x00000074a6e00000] [id=9168]
  0x000001b11ff3c800 ConcurrentGCThread "G1 Main Marker" [stack: 0x00000074a6e00000,0x00000074a6f00000] [id=18840]
  0x000001b11ff3e000 ConcurrentGCThread "G1 Conc#0" [stack: 0x00000074a6f00000,0x00000074a7000000] [id=18184]

[error occurred during error reporting (printing all threads), id 0xc0000005, EXCEPTION_ACCESS_VIOLATION (0xc0000005) at pc=0x00007ffd84c43ff7]

VM state:not at safepoint (not fully initialized)

VM Mutex/Monitor currently owned by a thread:  ([mutex/lock_event])
[0x000001b11fec4760] Heap_lock - owner thread: 0x000001b11fec8000

Heap address: 0x0000000704200000, size: 4030 MB, Compressed Oops mode: Non-zero based: 0x0000000704200000
Narrow klass base: 0x0000000000000000, Narrow klass shift: 0

GC Heap History (0 events):
No events

Deoptimization events (0 events):
No events

Classes redefined (0 events):
No events

Internal exceptions (0 events):
No events

Events (1 events):
Event: 0.011 Loaded shared library C:\Program Files\ojdkbuild\java-11-openjdk-11.0.15-1\bin\zip.dll


Dynamic libraries:
0x00007ff60e1f0000 - 0x00007ff60e210000 	C:\Program Files\ojdkbuild\java-11-openjdk-11.0.15-1\bin\java.exe
0x00007ffdd8c50000 - 0x00007ffdd8e48000 	C:\WINDOWS\SYSTEM32\ntdll.dll
0x00007ffdd8140000 - 0x00007ffdd81ff000 	C:\WINDOWS\System32\KERNEL32.DLL
0x00007ffdd66f0000 - 0x00007ffdd69ca000 	C:\WINDOWS\System32\KERNELBASE.dll
0x00007ffdbbae0000 - 0x00007ffdbbbfd000 	C:\WINDOWS\System32\AppCheck64.dll
0x00007ffdd64e0000 - 0x00007ffdd65e0000 	C:\WINDOWS\System32\ucrtbase.dll
0x00007ffdc75e0000 - 0x00007ffdc75f7000 	C:\Program Files\ojdkbuild\java-11-openjdk-11.0.15-1\bin\jli.dll
0x00007ffdd1250000 - 0x00007ffdd1265000 	C:\Program Files\ojdkbuild\java-11-openjdk-11.0.15-1\bin\VCRUNTIME140.dll
0x00007ffdcd190000 - 0x00007ffdcd19a000 	C:\WINDOWS\SYSTEM32\VERSION.dll
0x00007ffdd7840000 - 0x00007ffdd78de000 	C:\WINDOWS\System32\msvcrt.dll
0x00007ffdd7f30000 - 0x00007ffdd80cd000 	C:\WINDOWS\System32\USER32.dll
0x00007ffdd6c80000 - 0x00007ffdd6ca2000 	C:\WINDOWS\System32\win32u.dll
0x00007ffdd7a90000 - 0x00007ffdd7abb000 	C:\WINDOWS\System32\GDI32.dll
0x00007ffdc19f0000 - 0x00007ffdc1c8a000 	C:\WINDOWS\WinSxS\amd64_microsoft.windows.common-controls_6595b64144ccf1df_6.0.19041.1110_none_60b5254171f9507e\COMCTL32.dll
0x00007ffdd6360000 - 0x00007ffdd6470000 	C:\WINDOWS\System32\gdi32full.dll
0x00007ffdd6a80000 - 0x00007ffdd6b1d000 	C:\WINDOWS\System32\msvcp_win.dll
0x00007ffdd6e70000 - 0x00007ffdd6f1e000 	C:\WINDOWS\System32\ADVAPI32.dll
0x00007ffdd77a0000 - 0x00007ffdd783c000 	C:\WINDOWS\System32\sechost.dll
0x00007ffdd6d40000 - 0x00007ffdd6e66000 	C:\WINDOWS\System32\RPCRT4.dll
0x00007ffdd8be0000 - 0x00007ffdd8c10000 	C:\WINDOWS\System32\IMM32.DLL
0x00007ffdba4e0000 - 0x00007ffdba57b000 	C:\Program Files\ojdkbuild\java-11-openjdk-11.0.15-1\bin\msvcp140.dll
0x00007ffd84950000 - 0x00007ffd854d1000 	C:\Program Files\ojdkbuild\java-11-openjdk-11.0.15-1\bin\server\jvm.dll
0x00007ffdd6f20000 - 0x00007ffdd6f28000 	C:\WINDOWS\System32\PSAPI.DLL
0x00007ffdbff00000 - 0x00007ffdbff09000 	C:\WINDOWS\SYSTEM32\WSOCK32.dll
0x00007ffdbff10000 - 0x00007ffdbff37000 	C:\WINDOWS\SYSTEM32\WINMM.dll
0x00007ffdd7680000 - 0x00007ffdd76eb000 	C:\WINDOWS\System32\WS2_32.dll
0x00007ffdd4bb0000 - 0x00007ffdd4bc2000 	C:\WINDOWS\SYSTEM32\kernel.appcore.dll
0x00007ffdd0fa0000 - 0x00007ffdd0fb0000 	C:\Program Files\ojdkbuild\java-11-openjdk-11.0.15-1\bin\verify.dll
0x00007ffdd4100000 - 0x00007ffdd42e4000 	C:\WINDOWS\SYSTEM32\DBGHELP.DLL
0x00007ffdd15a0000 - 0x00007ffdd15d4000 	C:\WINDOWS\SYSTEM32\dbgcore.DLL
0x00007ffdd6660000 - 0x00007ffdd66e2000 	C:\WINDOWS\System32\bcryptPrimitives.dll
0x00007ffdbd6e0000 - 0x00007ffdbd708000 	C:\Program Files\ojdkbuild\java-11-openjdk-11.0.15-1\bin\java.dll
0x00007ffdccf20000 - 0x00007ffdccf2a000 	C:\Program Files\ojdkbuild\java-11-openjdk-11.0.15-1\bin\jimage.dll
0x00007ffdcd030000 - 0x00007ffdcd03e000 	C:\Program Files\ojdkbuild\java-11-openjdk-11.0.15-1\bin\instrument.dll
0x00007ffdbbac0000 - 0x00007ffdbbad8000 	C:\Program Files\ojdkbuild\java-11-openjdk-11.0.15-1\bin\zip.dll

dbghelp: loaded successfully - version: 4.0.5 - missing functions: none
symbol engine: initialized successfully - sym options: 0x614 - pdb path: .;C:\Program Files\ojdkbuild\java-11-openjdk-11.0.15-1\bin;C:\WINDOWS\SYSTEM32;C:\WINDOWS\WinSxS\amd64_microsoft.windows.common-controls_6595b64144ccf1df_6.0.19041.1110_none_60b5254171f9507e;C:\Program Files\ojdkbuild\java-11-openjdk-11.0.15-1\bin\server

VM Arguments:
jvm_args: -javaagent:C:\Program Files\JetBrains\IntelliJ IDEA 2022.3.2\lib\idea_rt.jar=3255:C:\Program Files\JetBrains\IntelliJ IDEA 2022.3.2\bin -Dfile.encoding=UTF-8 
java_command: lotto.LottoApplication
java_class_path (initial): D:\2023_DEV_SYC\NEXTSTEP\java-lotto\out\production\classes
Launcher Type: SUN_STANDARD

[Global flags]
     intx CICompilerCount                          = 4                                         {product} {ergonomic}
     uint ConcGCThreads                            = 2                                         {product} {ergonomic}
     uint G1ConcRefinementThreads                  = 8                                         {product} {ergonomic}
   size_t G1HeapRegionSize                         = 1048576                                   {product} {ergonomic}
    uintx GCDrainStackTargetSize                   = 64                                        {product} {ergonomic}
   size_t InitialHeapSize                          = 264241152                                 {product} {ergonomic}
   size_t MarkStackSize                            = 4194304                                   {product} {ergonomic}
   size_t MaxHeapSize                              = 4225761280                                {product} {ergonomic}
   size_t MinHeapDeltaBytes                        = 1048576                                   {product} {ergonomic}
    uintx NonNMethodCodeHeapSize                   = 5836300                                {pd product} {ergonomic}
    uintx NonProfiledCodeHeapSize                  = 122910970                              {pd product} {ergonomic}
    uintx ProfiledCodeHeapSize                     = 122910970                              {pd product} {ergonomic}
    uintx ReservedCodeCacheSize                    = 251658240                              {pd product} {ergonomic}
     bool SegmentedCodeCache                       = true                                      {product} {ergonomic}
     bool UseCompressedClassPointers               = true                                 {lp64_product} {ergonomic}
     bool UseCompressedOops                        = true                                 {lp64_product} {ergonomic}
     bool UseG1GC                                  = true                                      {product} {ergonomic}
     bool UseLargePagesIndividualAllocation        = false                                  {pd product} {ergonomic}

Logging:
Log output configuration:
 #0: stdout all=warning uptime,level,tags
 #1: stderr all=off uptime,level,tags

Environment Variables:
JAVA_HOME=C:\Java\jdk1.8.0_281
PATH=C:\oraclexe\app\oracle\product\11.2.0\server\bin;C:\Program Files (x86)\Common Files\Oracle\Java\javapath;C:\WINDOWS\system32;C:\WINDOWS;C:\WINDOWS\System32\Wbem;C:\WINDOWS\System32\WindowsPowerShell\v1.0\;C:\WINDOWS\System32\OpenSSH\;C:\Program Files (x86)\PuTTY\;C:\Java\jdk1.8.0_281\bin;C:\Program Files\Git\cmd;C:\Program Files\MariaDB 10.1\bin;C:\Program Files\ojdkbuild\java-11-openjdk-11.0.15-1\bin;C:\Users\예찬그램\AppData\Local\Programs\Python\Python38\Scripts\;C:\Users\예찬그램\AppData\Local\Programs\Python\Python38\;C:\Users\예찬그램\AppData\Local\Microsoft\WindowsApps;C:\Program Files\Bandizip\;C:\Users\예찬그램\AppData\Local\atom\bin;C:\Users\Yeah_gram\AppData\Local\Microsoft\WindowsApps;;C:\Users\예찬그램\AppData\Local\afreeca
USERNAME=Yeah_gram
OS=Windows_NT
PROCESSOR_IDENTIFIER=Intel64 Family 6 Model 126 Stepping 5, GenuineIntel



---------------  S Y S T E M  ---------------

OS: Windows 10 , 64 bit Build 19041 (10.0.19041.2788)
OS uptime: 10 days 0:55 hours

CPU:total 8 (initial active 8) (4 cores per cpu, 2 threads per core) family 6 model 126 stepping 5 microcode 0x78, cmov, cx8, fxsr, mmx, sse, sse2, sse3, ssse3, sse4.1, sse4.2, popcnt, avx, avx2, aes, clmul, erms, 3dnowpref, lzcnt, ht, tsc, tscinvbit, bmi1, bmi2, adx, evex, sha, fma

Memory: 4k page, system-wide physical 16118M (3422M free)
TotalPageFile size 16118M (AvailPageFile size 51M)
current process WorkingSet (physical memory assigned to process): 10M, peak: 10M
current process commit charge ("private bytes"): 61M, peak: 313M

vm_info: OpenJDK 64-Bit Server VM (11.0.15+9-LTS) for windows-amd64 JRE (11.0.15+9-LTS), built on Apr 30 2022 22:13:03 by "" with unknown MS VC++:1916

END.
